2022-01-23T21:01:51.274-0500 [DEBUG] [org.gradle.launcher.daemon.bootstrap.DaemonMain] Assuming the daemon was started with following jvm opts: [--add-opens, java.base/java.util=ALL-UNNAMED, --add-opens, java.base/java.lang=ALL-UNNAMED, --add-opens, java.base/java.lang.invoke=ALL-UNNAMED, --add-opens, java.base/java.util=ALL-UNNAMED, --add-opens, java.prefs/java.util.prefs=ALL-UNNAMED, --add-opens, java.prefs/java.util.prefs=ALL-UNNAMED, --add-opens, java.base/java.nio.charset=ALL-UNNAMED, --add-opens, java.base/java.net=ALL-UNNAMED, --add-opens, java.base/java.util.concurrent.atomic=ALL-UNNAMED, -Xmx2048m, -Dfile.encoding=UTF-8, -Duser.country=US, -Duser.language=en, -Duser.variant]
2022-01-23T21:01:51.511-0500 [INFO] [org.gradle.launcher.daemon.server.Daemon] start() called on daemon - DefaultDaemonContext[uid=3295a6c4-f796-4c96-8281-71eb0e998133,javaHome=/Applications/Android Studio.app/Contents/jre/Contents/Home,daemonRegistryDir=/Users/adilmomin/Desktop/myContactListApp/daemon,pid=48601,idleTimeout=10800000,priority=NORMAL,daemonOpts=--add-opens,java.base/java.util=ALL-UNNAMED,--add-opens,java.base/java.lang=ALL-UNNAMED,--add-opens,java.base/java.lang.invoke=ALL-UNNAMED,--add-opens,java.base/java.util=ALL-UNNAMED,--add-opens,java.prefs/java.util.prefs=ALL-UNNAMED,--add-opens,java.prefs/java.util.prefs=ALL-UNNAMED,--add-opens,java.base/java.nio.charset=ALL-UNNAMED,--add-opens,java.base/java.net=ALL-UNNAMED,--add-opens,java.base/java.util.concurrent.atomic=ALL-UNNAMED,-Xmx2048m,-Dfile.encoding=UTF-8,-Duser.country=US,-Duser.language=en,-Duser.variant]
2022-01-23T21:01:51.552-0500 [DEBUG] [org.gradle.internal.remote.internal.inet.InetAddresses] Adding IP addresses for network interface en5
2022-01-23T21:01:51.552-0500 [DEBUG] [org.gradle.internal.remote.internal.inet.InetAddresses] Is this a loopback interface? false
2022-01-23T21:01:51.553-0500 [DEBUG] [org.gradle.internal.remote.internal.inet.InetAddresses] Adding remote address /fe80:0:0:0:aede:48ff:fe00:1122%en5
2022-01-23T21:01:51.553-0500 [DEBUG] [org.gradle.internal.remote.internal.inet.InetAddresses] Adding IP addresses for network interface utun3
2022-01-23T21:01:51.553-0500 [DEBUG] [org.gradle.internal.remote.internal.inet.InetAddresses] Is this a loopback interface? false
2022-01-23T21:01:51.556-0500 [DEBUG] [org.gradle.internal.remote.internal.inet.InetAddresses] Adding remote address /fe80:0:0:0:e66:f091:a732:214a%utun3
2022-01-23T21:01:51.556-0500 [DEBUG] [org.gradle.internal.remote.internal.inet.InetAddresses] Adding IP addresses for network interface utun2
2022-01-23T21:01:51.557-0500 [DEBUG] [org.gradle.internal.remote.internal.inet.InetAddresses] Is this a loopback interface? false
2022-01-23T21:01:51.557-0500 [DEBUG] [org.gradle.internal.remote.internal.inet.InetAddresses] Adding remote address /fe80:0:0:0:b625:8414:8a81:94f6%utun2
2022-01-23T21:01:51.557-0500 [DEBUG] [org.gradle.internal.remote.internal.inet.InetAddresses] Adding IP addresses for network interface utun1
2022-01-23T21:01:51.557-0500 [DEBUG] [org.gradle.internal.remote.internal.inet.InetAddresses] Is this a loopback interface? false
2022-01-23T21:01:51.558-0500 [DEBUG] [org.gradle.internal.remote.internal.inet.InetAddresses] Adding remote address /fe80:0:0:0:6543:e65b:b58e:ddab%utun1
2022-01-23T21:01:51.558-0500 [DEBUG] [org.gradle.internal.remote.internal.inet.InetAddresses] Adding IP addresses for network interface utun0
2022-01-23T21:01:51.559-0500 [DEBUG] [org.gradle.internal.remote.internal.inet.InetAddresses] Is this a loopback interface? false
2022-01-23T21:01:51.559-0500 [DEBUG] [org.gradle.internal.remote.internal.inet.InetAddresses] Adding remote address /fe80:0:0:0:5e1a:8ab2:9f73:249e%utun0
2022-01-23T21:01:51.559-0500 [DEBUG] [org.gradle.internal.remote.internal.inet.InetAddresses] Adding IP addresses for network interface llw0
2022-01-23T21:01:51.559-0500 [DEBUG] [org.gradle.internal.remote.internal.inet.InetAddresses] Is this a loopback interface? false
2022-01-23T21:01:51.560-0500 [DEBUG] [org.gradle.internal.remote.internal.inet.InetAddresses] Adding remote address /fe80:0:0:0:1cad:2bff:fe9f:3c69%llw0
2022-01-23T21:01:51.560-0500 [DEBUG] [org.gradle.internal.remote.internal.inet.InetAddresses] Adding IP addresses for network interface awdl0
2022-01-23T21:01:51.560-0500 [DEBUG] [org.gradle.internal.remote.internal.inet.InetAddresses] Is this a loopback interface? false
2022-01-23T21:01:51.560-0500 [DEBUG] [org.gradle.internal.remote.internal.inet.InetAddresses] Adding remote address /fe80:0:0:0:1cad:2bff:fe9f:3c69%awdl0
2022-01-23T21:01:51.560-0500 [DEBUG] [org.gradle.internal.remote.internal.inet.InetAddresses] Adding IP addresses for network interface en0
2022-01-23T21:01:51.561-0500 [DEBUG] [org.gradle.internal.remote.internal.inet.InetAddresses] Is this a loopback interface? false
2022-01-23T21:01:51.561-0500 [DEBUG] [org.gradle.internal.remote.internal.inet.InetAddresses] Adding remote address /fda3:981d:9097:10:865:7d16:7511:1b6a%en0
2022-01-23T21:01:51.561-0500 [DEBUG] [org.gradle.internal.remote.internal.inet.InetAddresses] Adding remote address /fe80:0:0:0:14fa:ad7:64a6:37ca%en0
2022-01-23T21:01:51.561-0500 [DEBUG] [org.gradle.internal.remote.internal.inet.InetAddresses] Adding remote address /192.168.181.155
2022-01-23T21:01:51.561-0500 [DEBUG] [org.gradle.internal.remote.internal.inet.InetAddresses] Adding IP addresses for network interface lo0
2022-01-23T21:01:51.561-0500 [DEBUG] [org.gradle.internal.remote.internal.inet.InetAddresses] Is this a loopback interface? true
2022-01-23T21:01:51.562-0500 [DEBUG] [org.gradle.internal.remote.internal.inet.InetAddresses] Ignoring remote address on loopback interface /fe80:0:0:0:0:0:0:1%lo0
2022-01-23T21:01:51.562-0500 [DEBUG] [org.gradle.internal.remote.internal.inet.InetAddresses] Adding loopback address /0:0:0:0:0:0:0:1%lo0
2022-01-23T21:01:51.562-0500 [DEBUG] [org.gradle.internal.remote.internal.inet.InetAddresses] Adding loopback address /127.0.0.1
2022-01-23T21:01:51.567-0500 [DEBUG] [org.gradle.internal.remote.internal.inet.TcpIncomingConnector] Listening on [94fca06e-d4dd-40ae-8971-8d07d040700e port:63161, addresses:[localhost/127.0.0.1]].
2022-01-23T21:01:51.573-0500 [DEBUG] [org.gradle.launcher.daemon.server.Daemon] Daemon starting at: Sun Jan 23 21:01:51 EST 2022, with address: [94fca06e-d4dd-40ae-8971-8d07d040700e port:63161, addresses:[localhost/127.0.0.1]]
2022-01-23T21:01:51.573-0500 [INFO] [org.gradle.launcher.daemon.server.DaemonRegistryUpdater] Advertising the daemon address to the clients: [94fca06e-d4dd-40ae-8971-8d07d040700e port:63161, addresses:[localhost/127.0.0.1]]
2022-01-23T21:01:51.574-0500 [DEBUG] [org.gradle.launcher.daemon.server.DaemonRegistryUpdater] Advertised daemon context: DefaultDaemonContext[uid=3295a6c4-f796-4c96-8281-71eb0e998133,javaHome=/Applications/Android Studio.app/Contents/jre/Contents/Home,daemonRegistryDir=/Users/adilmomin/Desktop/myContactListApp/daemon,pid=48601,idleTimeout=10800000,priority=NORMAL,daemonOpts=--add-opens,java.base/java.util=ALL-UNNAMED,--add-opens,java.base/java.lang=ALL-UNNAMED,--add-opens,java.base/java.lang.invoke=ALL-UNNAMED,--add-opens,java.base/java.util=ALL-UNNAMED,--add-opens,java.prefs/java.util.prefs=ALL-UNNAMED,--add-opens,java.prefs/java.util.prefs=ALL-UNNAMED,--add-opens,java.base/java.nio.charset=ALL-UNNAMED,--add-opens,java.base/java.net=ALL-UNNAMED,--add-opens,java.base/java.util.concurrent.atomic=ALL-UNNAMED,-Xmx2048m,-Dfile.encoding=UTF-8,-Duser.country=US,-Duser.language=en,-Duser.variant]
2022-01-23T21:01:51.576-0500 [DEBUG] [org.gradle.launcher.daemon.registry.PersistentDaemonRegistry] Storing daemon address: [94fca06e-d4dd-40ae-8971-8d07d040700e port:63161, addresses:[localhost/127.0.0.1]], context: DefaultDaemonContext[uid=3295a6c4-f796-4c96-8281-71eb0e998133,javaHome=/Applications/Android Studio.app/Contents/jre/Contents/Home,daemonRegistryDir=/Users/adilmomin/Desktop/myContactListApp/daemon,pid=48601,idleTimeout=10800000,priority=NORMAL,daemonOpts=--add-opens,java.base/java.util=ALL-UNNAMED,--add-opens,java.base/java.lang=ALL-UNNAMED,--add-opens,java.base/java.lang.invoke=ALL-UNNAMED,--add-opens,java.base/java.util=ALL-UNNAMED,--add-opens,java.prefs/java.util.prefs=ALL-UNNAMED,--add-opens,java.prefs/java.util.prefs=ALL-UNNAMED,--add-opens,java.base/java.nio.charset=ALL-UNNAMED,--add-opens,java.base/java.net=ALL-UNNAMED,--add-opens,java.base/java.util.concurrent.atomic=ALL-UNNAMED,-Xmx2048m,-Dfile.encoding=UTF-8,-Duser.country=US,-Duser.language=en,-Duser.variant]
2022-01-23T21:01:51.585-0500 [DEBUG] [org.gradle.cache.internal.DefaultFileLockManager] Waiting to acquire exclusive lock on daemon addresses registry.
2022-01-23T21:01:51.588-0500 [DEBUG] [org.gradle.cache.internal.DefaultFileLockManager] Lock acquired on daemon addresses registry.
2022-01-23T21:01:51.593-0500 [DEBUG] [org.gradle.cache.internal.DefaultFileLockManager] Releasing lock on daemon addresses registry.
2022-01-23T21:01:51.594-0500 [LIFECYCLE] [org.gradle.launcher.daemon.server.Daemon] Daemon server started.
2022-01-23T21:01:51.595-0500 [DEBUG] [org.gradle.launcher.daemon.bootstrap.DaemonStartupCommunication] Completed writing the daemon greeting. Closing streams...
2022-01-23T21:01:51.600-0500 [DEBUG] [org.gradle.internal.remote.internal.inet.TcpIncomingConnector] Accepted connection from /127.0.0.1:63162 to /127.0.0.1:63161.
2022-01-23T21:01:51.604-0500 [DEBUG] [org.gradle.launcher.daemon.server.Daemon] stopOnExpiration() called on daemon
2022-01-23T21:01:51.605-0500 [DEBUG] [org.gradle.launcher.daemon.server.Daemon] awaitExpiration() called on daemon
2022-01-23T21:01:51.606-0500 [DEBUG] [org.gradle.launcher.daemon.server.DaemonStateCoordinator] daemon is running. Sleeping until state changes.
2022-01-23T21:01:51.666-0500 [DEBUG] [org.gradle.launcher.daemon.server.SynchronizedDispatchConnection] thread 19: received class org.gradle.launcher.daemon.protocol.Build
2022-01-23T21:01:51.667-0500 [DEBUG] [org.gradle.launcher.daemon.server.DefaultDaemonConnection] thread 19: Received non-IO message from client: Build{id=5ecb3dab-a991-42dc-9f2e-78c9c1f22369, currentDir=/Users/adilmomin/Desktop/myContactListApp}
2022-01-23T21:01:51.667-0500 [INFO] [org.gradle.launcher.daemon.server.DefaultIncomingConnectionHandler] Received command: Build{id=5ecb3dab-a991-42dc-9f2e-78c9c1f22369, currentDir=/Users/adilmomin/Desktop/myContactListApp}.
2022-01-23T21:01:51.667-0500 [DEBUG] [org.gradle.launcher.daemon.server.DefaultIncomingConnectionHandler] Starting executing command: Build{id=5ecb3dab-a991-42dc-9f2e-78c9c1f22369, currentDir=/Users/adilmomin/Desktop/myContactListApp} with connection: socket connection from /127.0.0.1:63161 to /127.0.0.1:63162.
2022-01-23T21:01:51.670-0500 [DEBUG] [org.gradle.launcher.daemon.server.DaemonStateCoordinator] Command execution: started DaemonCommandExecution[command = Build{id=5ecb3dab-a991-42dc-9f2e-78c9c1f22369, currentDir=/Users/adilmomin/Desktop/myContactListApp}, connection = DefaultDaemonConnection: socket connection from /127.0.0.1:63161 to /127.0.0.1:63162] after 0.0 minutes of idle
2022-01-23T21:01:51.670-0500 [INFO] [org.gradle.launcher.daemon.server.DaemonRegistryUpdater] Marking the daemon as busy, address: [94fca06e-d4dd-40ae-8971-8d07d040700e port:63161, addresses:[localhost/127.0.0.1]]
2022-01-23T21:01:51.670-0500 [DEBUG] [org.gradle.launcher.daemon.registry.PersistentDaemonRegistry] Marking busy by address: [94fca06e-d4dd-40ae-8971-8d07d040700e port:63161, addresses:[localhost/127.0.0.1]]
2022-01-23T21:01:51.671-0500 [DEBUG] [org.gradle.cache.internal.DefaultFileLockManager] Waiting to acquire exclusive lock on daemon addresses registry.
2022-01-23T21:01:51.671-0500 [DEBUG] [org.gradle.cache.internal.DefaultFileLockManager] Lock acquired on daemon addresses registry.
2022-01-23T21:01:51.672-0500 [DEBUG] [org.gradle.cache.internal.DefaultFileLockManager] Releasing lock on daemon addresses registry.
2022-01-23T21:01:51.673-0500 [DEBUG] [org.gradle.launcher.daemon.server.DaemonStateCoordinator] resetting idle timer
2022-01-23T21:01:51.673-0500 [DEBUG] [org.gradle.launcher.daemon.server.DaemonStateCoordinator] daemon is running. Sleeping until state changes.
2022-01-23T21:01:51.674-0500 [INFO] [org.gradle.launcher.daemon.server.exec.StartBuildOrRespondWithBusy] Daemon is about to start building Build{id=5ecb3dab-a991-42dc-9f2e-78c9c1f22369, currentDir=/Users/adilmomin/Desktop/myContactListApp}. Dispatching build started information...
2022-01-23T21:01:51.674-0500 [DEBUG] [org.gradle.launcher.daemon.server.SynchronizedDispatchConnection] thread 21: dispatching org.gradle.launcher.daemon.protocol.BuildStarted@49538ddf
2022-01-23T21:01:51.676-0500 [DEBUG] [org.gradle.launcher.daemon.server.SynchronizedDispatchConnection] thread 19: received class org.gradle.launcher.daemon.protocol.CloseInput
2022-01-23T21:01:51.676-0500 [DEBUG] [org.gradle.launcher.daemon.server.DefaultDaemonConnection] thread 19: Received IO message from client: org.gradle.launcher.daemon.protocol.CloseInput@bd30149
2022-01-23T21:01:51.677-0500 [DEBUG] [org.gradle.launcher.daemon.server.exec.EstablishBuildEnvironment] Configuring env variables: [PATH, __CFBundleIdentifier, SHELL, OLDPWD, USER, COMMAND_MODE, TMPDIR, SSH_AUTH_SOCK, XPC_FLAGS, VERSIONER_PYTHON_VERSION, __CF_USER_TEXT_ENCODING, LOGNAME, LC_CTYPE, XPC_SERVICE_NAME, HOME]
2022-01-23T21:01:51.682-0500 [DEBUG] [org.gradle.launcher.daemon.server.exec.LogToClient] About to start relaying all logs to the client via the connection.
2022-01-23T21:01:51.683-0500 [INFO] [org.gradle.launcher.daemon.server.exec.LogToClient] The client will now receive all logging from the daemon (pid: 48601). The daemon log file: /Users/adilmomin/Desktop/myContactListApp/daemon/7.0.2/daemon-48601.out.log
2022-01-23T21:01:51.686-0500 [INFO] [org.gradle.launcher.daemon.server.exec.LogAndCheckHealth] Starting build in new daemon [memory: 2 GiB]
2022-01-23T21:01:51.687-0500 [INFO] [org.gradle.launcher.daemon.server.exec.ForwardClientInput] Closing daemon's stdin at end of input.
2022-01-23T21:01:51.687-0500 [INFO] [org.gradle.launcher.daemon.server.exec.ForwardClientInput] The daemon will no longer process any standard input.
2022-01-23T21:01:51.692-0500 [DEBUG] [org.gradle.launcher.daemon.server.exec.ExecuteBuild] The daemon has started executing the build.
2022-01-23T21:01:51.693-0500 [DEBUG] [org.gradle.launcher.daemon.server.exec.ExecuteBuild] Executing build with daemon context: DefaultDaemonContext[uid=3295a6c4-f796-4c96-8281-71eb0e998133,javaHome=/Applications/Android Studio.app/Contents/jre/Contents/Home,daemonRegistryDir=/Users/adilmomin/Desktop/myContactListApp/daemon,pid=48601,idleTimeout=10800000,priority=NORMAL,daemonOpts=--add-opens,java.base/java.util=ALL-UNNAMED,--add-opens,java.base/java.lang=ALL-UNNAMED,--add-opens,java.base/java.lang.invoke=ALL-UNNAMED,--add-opens,java.base/java.util=ALL-UNNAMED,--add-opens,java.prefs/java.util.prefs=ALL-UNNAMED,--add-opens,java.prefs/java.util.prefs=ALL-UNNAMED,--add-opens,java.base/java.nio.charset=ALL-UNNAMED,--add-opens,java.base/java.net=ALL-UNNAMED,--add-opens,java.base/java.util.concurrent.atomic=ALL-UNNAMED,-Xmx2048m,-Dfile.encoding=UTF-8,-Duser.country=US,-Duser.language=en,-Duser.variant]
AGPBI: {"kind":"warning","text":"We recommend using a newer Android Gradle plugin to use compileSdk = 32\n\nThis Android Gradle plugin (7.0.4) was tested up to compileSdk = 31\n\nThis warning can be suppressed by adding\n    android.suppressUnsupportedCompileSdk=32\nto this project's gradle.properties\n\nThe build will continue, but you are strongly encouraged to update your project to\nuse a newer Android Gradle Plugin that has been tested with compileSdk = 32","sources":[{}]}

Deprecated Gradle features were used in this build, making it incompatible with Gradle 8.0.
Use '--warning-mode all' to show the individual deprecation warnings.
See https://docs.gradle.org/7.0.2/userguide/command_line_interface.html#sec:command_line_warnings

BUILD SUCCESSFUL in 32s
27 actionable tasks: 27 executed
2022-01-23T21:02:22.486-0500 [DEBUG] [org.gradle.launcher.daemon.server.exec.ExecuteBuild] The daemon has finished executing the build.
2022-01-23T21:02:22.491-0500 [DEBUG] [org.gradle.launcher.daemon.server.DaemonStateCoordinator] daemon is running. Sleeping until state changes.
2022-01-23T21:02:22.492-0500 [DEBUG] [org.gradle.launcher.daemon.server.DaemonStateCoordinator] Command execution: finished waiting for DaemonCommandExecution[command = Build{id=5ecb3dab-a991-42dc-9f2e-78c9c1f22369, currentDir=/Users/adilmomin/Desktop/myContactListApp}, connection = DefaultDaemonConnection: socket connection from /127.0.0.1:63161 to /127.0.0.1:63162]. Result org.gradle.launcher.daemon.server.DaemonStateCoordinator@7c8e1353 with state Busy
2022-01-23T21:02:22.492-0500 [DEBUG] [org.gradle.launcher.daemon.server.DaemonStateCoordinator] Command execution: completed DaemonCommandExecution[command = Build{id=5ecb3dab-a991-42dc-9f2e-78c9c1f22369, currentDir=/Users/adilmomin/Desktop/myContactListApp}, connection = DefaultDaemonConnection: socket connection from /127.0.0.1:63161 to /127.0.0.1:63162]
2022-01-23T21:02:22.492-0500 [DEBUG] [org.gradle.launcher.daemon.server.DaemonStateCoordinator] resetting idle timer
2022-01-23T21:02:22.492-0500 [INFO] [org.gradle.launcher.daemon.server.DaemonRegistryUpdater] Marking the daemon as idle, address: [94fca06e-d4dd-40ae-8971-8d07d040700e port:63161, addresses:[localhost/127.0.0.1]]
2022-01-23T21:02:22.493-0500 [DEBUG] [org.gradle.launcher.daemon.registry.PersistentDaemonRegistry] Marking busy by address: [94fca06e-d4dd-40ae-8971-8d07d040700e port:63161, addresses:[localhost/127.0.0.1]]
2022-01-23T21:02:22.493-0500 [DEBUG] [org.gradle.cache.internal.DefaultFileLockManager] Waiting to acquire exclusive lock on daemon addresses registry.
2022-01-23T21:02:22.494-0500 [DEBUG] [org.gradle.cache.internal.DefaultFileLockManager] Lock acquired on daemon addresses registry.
2022-01-23T21:02:22.495-0500 [DEBUG] [org.gradle.cache.internal.DefaultFileLockManager] Releasing lock on daemon addresses registry.
2022-01-23T21:02:22.495-0500 [DEBUG] [org.gradle.launcher.daemon.server.DaemonStateCoordinator] daemon is running. Sleeping until state changes.
2022-01-23T21:02:22.495-0500 [DEBUG] [org.gradle.launcher.daemon.server.exec.ReturnResult] Daemon is dispatching the build result: Success[value=org.gradle.launcher.exec.BuildActionResult@69077f17]
2022-01-23T21:02:22.496-0500 [DEBUG] [org.gradle.launcher.daemon.server.SynchronizedDispatchConnection] thread 18: dispatching Success[value=org.gradle.launcher.exec.BuildActionResult@69077f17]
2022-01-23T21:02:22.496-0500 [DEBUG] [org.gradle.launcher.daemon.server.DefaultIncomingConnectionHandler] Finishing executing command: Build{id=5ecb3dab-a991-42dc-9f2e-78c9c1f22369, currentDir=/Users/adilmomin/Desktop/myContactListApp}
2022-01-23T21:02:22.496-0500 [DEBUG] [org.gradle.launcher.daemon.server.SynchronizedDispatchConnection] thread 19: received class org.gradle.launcher.daemon.protocol.Finished
2022-01-23T21:02:22.497-0500 [DEBUG] [org.gradle.launcher.daemon.server.DefaultDaemonConnection] thread 19: Received non-IO message from client: org.gradle.launcher.daemon.protocol.Finished@6072463d
2022-01-23T21:02:22.497-0500 [DEBUG] [org.gradle.launcher.daemon.server.DefaultIncomingConnectionHandler] Received finished message: org.gradle.launcher.daemon.protocol.Finished@6072463d
2022-01-23T21:02:22.497-0500 [DEBUG] [org.gradle.launcher.daemon.server.SynchronizedDispatchConnection] thread 18: stopping connection
2022-01-23T21:02:22.497-0500 [DEBUG] [org.gradle.internal.remote.internal.inet.SocketConnection] Discarding EOFException: java.io.EOFException
2022-01-23T21:02:22.497-0500 [DEBUG] [org.gradle.launcher.daemon.server.SynchronizedDispatchConnection] thread 19: received null
2022-01-23T21:02:22.497-0500 [DEBUG] [org.gradle.launcher.daemon.server.DefaultDaemonConnection] thread 19: Received end-of-input from client.
2022-01-23T21:02:22.500-0500 [DEBUG] [org.gradle.launcher.daemon.server.SynchronizedDispatchConnection] thread 18: stopping connection
2022-01-23T21:02:28.816-0500 [DEBUG] [org.gradle.internal.watch.vfs.impl.WatchingVirtualFileSystem] Handling VFS change MODIFIED /Users/adilmomin/Desktop/myContactListApp/app/build/intermediates/compile_and_runtime_not_namespaced_r_class_jar/debug/R.jar
2022-01-23T21:02:28.835-0500 [DEBUG] [org.gradle.internal.watch.vfs.impl.WatchingVirtualFileSystem] Handling VFS change MODIFIED /Users/adilmomin/Desktop/myContactListApp/app/build/intermediates/processed_res/debug/out/output-metadata.json
2022-01-23T21:02:28.836-0500 [DEBUG] [org.gradle.internal.watch.vfs.impl.WatchingVirtualFileSystem] Handling VFS change MODIFIED /Users/adilmomin/Desktop/myContactListApp/app/build/intermediates/processed_res/debug/out/resources-debug.ap_
2022-01-23T21:02:28.836-0500 [DEBUG] [org.gradle.internal.watch.vfs.impl.WatchingVirtualFileSystem] Handling VFS change MODIFIED /Users/adilmomin/Desktop/myContactListApp/app/build/intermediates/runtime_symbol_list/debug/R.txt
2022-01-23T21:02:28.849-0500 [DEBUG] [org.gradle.internal.watch.vfs.impl.WatchingVirtualFileSystem] Handling VFS change MODIFIED /Users/adilmomin/Desktop/myContactListApp/app/build/intermediates/stable_resource_ids_file/debug/stableIds.txt
2022-01-23T21:02:28.849-0500 [DEBUG] [org.gradle.internal.watch.vfs.impl.WatchingVirtualFileSystem] Handling VFS change MODIFIED /Users/adilmomin/Desktop/myContactListApp/app/build/intermediates/symbol_list_with_package_name/debug/package-aware-r.txt
2022-01-23T21:02:28.880-0500 [DEBUG] [org.gradle.internal.watch.vfs.impl.WatchingVirtualFileSystem] Handling VFS change MODIFIED /Users/adilmomin/Desktop/myContactListApp/caches/transforms-3/0411e08b3044e122b52b622feea00d2e/transformed/localbroadcastmanager-1.0.0-api.jar
2022-01-23T21:02:29.015-0500 [DEBUG] [org.gradle.internal.watch.vfs.impl.WatchingVirtualFileSystem] Handling VFS change MODIFIED /Users/adilmomin/Desktop/myContactListApp/caches/transforms-3/1970110aff5f3e6131dad4e6c200973b/transformed/versionedparcelable-1.1.1-api.jar
2022-01-23T21:02:29.067-0500 [DEBUG] [org.gradle.internal.watch.vfs.impl.WatchingVirtualFileSystem] Handling VFS change MODIFIED /Users/adilmomin/Desktop/myContactListApp/caches/transforms-3/25ef7f8fd9140217b79f766d4f33f4b1/transformed/jetified-viewpager2-1.0.0-api.jar
2022-01-23T21:02:29.125-0500 [DEBUG] [org.gradle.internal.watch.vfs.impl.WatchingVirtualFileSystem] Handling VFS change MODIFIED /Users/adilmomin/Desktop/myContactListApp/caches/transforms-3/314dcd343433ad2ee7caeff28b0457b6/transformed/lifecycle-runtime-2.4.0-api.jar
2022-01-23T21:02:29.153-0500 [DEBUG] [org.gradle.internal.watch.vfs.impl.WatchingVirtualFileSystem] Handling VFS change MODIFIED /Users/adilmomin/Desktop/myContactListApp/caches/transforms-3/3bbec4b6dfeaae6fa5849da34bf9a920/transformed/lifecycle-livedata-2.0.0-api.jar
2022-01-23T21:02:29.352-0500 [DEBUG] [org.gradle.internal.watch.vfs.impl.WatchingVirtualFileSystem] Handling VFS change MODIFIED /Users/adilmomin/Desktop/myContactListApp/caches/transforms-3/431fd498b2fbbbf487e8a8efbb1b13da/transformed/viewpager-1.0.0-api.jar
2022-01-23T21:02:29.367-0500 [DEBUG] [org.gradle.internal.watch.vfs.impl.WatchingVirtualFileSystem] Handling VFS change MODIFIED /Users/adilmomin/Desktop/myContactListApp/caches/transforms-3/46ef69988094c8e5062515e5203c62c4/transformed/recyclerview-1.1.0-api.jar
2022-01-23T21:02:29.383-0500 [DEBUG] [org.gradle.internal.watch.vfs.impl.WatchingVirtualFileSystem] Handling VFS change MODIFIED /Users/adilmomin/Desktop/myContactListApp/caches/transforms-3/4b23970ba1c6e11f8f59f8edf2fe876a/transformed/drawerlayout-1.0.0-api.jar
2022-01-23T21:02:29.410-0500 [DEBUG] [org.gradle.internal.watch.vfs.impl.WatchingVirtualFileSystem] Handling VFS change MODIFIED /Users/adilmomin/Desktop/myContactListApp/caches/transforms-3/4cf5e6a805d1d6ebbaeae2ddf2cef444/transformed/jetified-activity-1.2.4-api.jar
2022-01-23T21:02:29.438-0500 [DEBUG] [org.gradle.internal.watch.vfs.impl.WatchingVirtualFileSystem] Handling VFS change MODIFIED /Users/adilmomin/Desktop/myContactListApp/caches/transforms-3/57068f793fff66d0f690fb45b9d3cd01/transformed/core-1.7.0-api.jar
2022-01-23T21:02:29.465-0500 [DEBUG] [org.gradle.internal.watch.vfs.impl.WatchingVirtualFileSystem] Handling VFS change MODIFIED /Users/adilmomin/Desktop/myContactListApp/caches/transforms-3/5ce25ab2a08648486fd025162cd066d4/transformed/coordinatorlayout-1.1.0-api.jar
2022-01-23T21:02:29.491-0500 [DEBUG] [org.gradle.internal.watch.vfs.impl.WatchingVirtualFileSystem] Handling VFS change MODIFIED /Users/adilmomin/Desktop/myContactListApp/caches/transforms-3/5f861c155332ef72eeb3d5e2557c02b9/transformed/customview-1.0.0-api.jar
2022-01-23T21:02:29.591-0500 [DEBUG] [org.gradle.internal.watch.vfs.impl.WatchingVirtualFileSystem] Handling VFS change MODIFIED /Users/adilmomin/Desktop/myContactListApp/caches/transforms-3/6a2753ffcbfc830f62784e2961974b8d/transformed/lifecycle-livedata-core-2.3.1-api.jar
2022-01-23T21:02:29.605-0500 [DEBUG] [org.gradle.internal.watch.vfs.impl.WatchingVirtualFileSystem] Handling VFS change MODIFIED /Users/adilmomin/Desktop/myContactListApp/caches/transforms-3/7332f2cfc4cbf77bdf22af5976043565/transformed/jetified-annotation-experimental-1.1.0-api.jar
2022-01-23T21:02:29.619-0500 [DEBUG] [org.gradle.internal.watch.vfs.impl.WatchingVirtualFileSystem] Handling VFS change MODIFIED /Users/adilmomin/Desktop/myContactListApp/caches/transforms-3/743425aeea09f23d470463ad46a9809f/transformed/material-1.4.0-api.jar
2022-01-23T21:02:29.674-0500 [DEBUG] [org.gradle.internal.watch.vfs.impl.WatchingVirtualFileSystem] Handling VFS change MODIFIED /Users/adilmomin/Desktop/myContactListApp/caches/transforms-3/8404193c2054d6ade89de65371e29102/transformed/vectordrawable-animated-1.1.0-api.jar
2022-01-23T21:02:29.687-0500 [DEBUG] [org.gradle.internal.watch.vfs.impl.WatchingVirtualFileSystem] Handling VFS change MODIFIED /Users/adilmomin/Desktop/myContactListApp/caches/transforms-3/84c682cd37fd4d418ce7c8ff93522f62/transformed/cursoradapter-1.0.0-api.jar
2022-01-23T21:02:29.687-0500 [DEBUG] [org.gradle.internal.watch.vfs.impl.WatchingVirtualFileSystem] Handling VFS change MODIFIED /Users/adilmomin/Desktop/myContactListApp/caches/transforms-3/87f0846a32bcff088e906582138e810d/transformed/jetified-lifecycle-viewmodel-savedstate-2.3.1-api.jar
2022-01-23T21:02:29.701-0500 [DEBUG] [org.gradle.internal.watch.vfs.impl.WatchingVirtualFileSystem] Handling VFS change MODIFIED /Users/adilmomin/Desktop/myContactListApp/caches/transforms-3/89beef14fa3f06d0df0efca5bd042f84/transformed/constraintlayout-2.1.2-api.jar
2022-01-23T21:02:30.015-0500 [DEBUG] [org.gradle.internal.watch.vfs.impl.WatchingVirtualFileSystem] Handling VFS change MODIFIED /Users/adilmomin/Desktop/myContactListApp/caches/transforms-3/8e535f0020c9bf4fafb39b6447312e10/transformed/interpolator-1.0.0-api.jar
2022-01-23T21:02:30.015-0500 [DEBUG] [org.gradle.internal.watch.vfs.impl.WatchingVirtualFileSystem] Handling VFS change MODIFIED /Users/adilmomin/Desktop/myContactListApp/caches/transforms-3/9165267b61a7e1d1e69aee6b88c269a3/transformed/legacy-support-core-utils-1.0.0-api.jar
2022-01-23T21:02:31.018-0500 [DEBUG] [org.gradle.internal.watch.vfs.impl.WatchingVirtualFileSystem] Handling VFS change MODIFIED /Users/adilmomin/Desktop/myContactListApp/caches/transforms-3/9a1ec1d264261ee761aa4c426979d2d0/transformed/dynamicanimation-1.0.0-api.jar
2022-01-23T21:02:31.044-0500 [DEBUG] [org.gradle.internal.watch.vfs.impl.WatchingVirtualFileSystem] Handling VFS change MODIFIED /Users/adilmomin/Desktop/myContactListApp/caches/transforms-3/a81df516c27f1ce851e305883face379/transformed/transition-1.2.0-api.jar
2022-01-23T21:02:31.059-0500 [DEBUG] [org.gradle.internal.watch.vfs.impl.WatchingVirtualFileSystem] Handling VFS change MODIFIED /Users/adilmomin/Desktop/myContactListApp/caches/transforms-3/aa4ab9b088103335e27e43f825c54e0a/transformed/lifecycle-viewmodel-2.3.1-api.jar
2022-01-23T21:02:31.060-0500 [DEBUG] [org.gradle.internal.watch.vfs.impl.WatchingVirtualFileSystem] Handling VFS change MODIFIED /Users/adilmomin/Desktop/myContactListApp/caches/transforms-3/aa67144965ecb0b50c7576b62f55f590/transformed/jetified-appcompat-resources-1.4.1-api.jar
2022-01-23T21:02:31.088-0500 [DEBUG] [org.gradle.internal.watch.vfs.impl.WatchingVirtualFileSystem] Handling VFS change MODIFIED /Users/adilmomin/Desktop/myContactListApp/caches/transforms-3/b25b2458d74e7c67fd24fa8315844b9c/transformed/fragment-1.3.6-api.jar
2022-01-23T21:02:31.608-0500 [DEBUG] [org.gradle.cache.internal.DefaultFileLockManager] Waiting to acquire shared lock on daemon addresses registry.
2022-01-23T21:02:31.608-0500 [DEBUG] [org.gradle.cache.internal.DefaultFileLockManager] Lock acquired on daemon addresses registry.
2022-01-23T21:02:31.609-0500 [DEBUG] [org.gradle.cache.internal.DefaultFileLockManager] Releasing lock on daemon addresses registry.
2022-01-23T21:02:31.610-0500 [DEBUG] [org.gradle.cache.internal.DefaultFileLockManager] Waiting to acquire shared lock on daemon addresses registry.
2022-01-23T21:02:31.610-0500 [DEBUG] [org.gradle.cache.internal.DefaultFileLockManager] Lock acquired on daemon addresses registry.
2022-01-23T21:02:31.610-0500 [DEBUG] [org.gradle.cache.internal.DefaultFileLockManager] Releasing lock on daemon addresses registry.
2022-01-23T21:02:31.677-0500 [DEBUG] [org.gradle.internal.watch.vfs.impl.WatchingVirtualFileSystem] Handling VFS change MODIFIED /Users/adilmomin/Desktop/myContactListApp/caches/transforms-3/c7953fb6ac286366242f5a338482036b/transformed/appcompat-1.4.1-api.jar
2022-01-23T21:02:31.694-0500 [DEBUG] [org.gradle.internal.watch.vfs.impl.WatchingVirtualFileSystem] Handling VFS change MODIFIED /Users/adilmomin/Desktop/myContactListApp/caches/transforms-3/c98166cdccf84acc49da5794934f4ede/transformed/cardview-1.0.0-api.jar
2022-01-23T21:02:31.708-0500 [DEBUG] [org.gradle.internal.watch.vfs.impl.WatchingVirtualFileSystem] Handling VFS change MODIFIED /Users/adilmomin/Desktop/myContactListApp/caches/transforms-3/d09e270bedb15074545b284fe9cd0ff4/transformed/jetified-savedstate-1.1.0-api.jar
2022-01-23T21:02:31.766-0500 [DEBUG] [org.gradle.internal.watch.vfs.impl.WatchingVirtualFileSystem] Handling VFS change MODIFIED /Users/adilmomin/Desktop/myContactListApp/caches/transforms-3/d5bcb8b429c0dda212b8a2d2916af6c6/transformed/loader-1.0.0-api.jar
2022-01-23T21:02:31.792-0500 [DEBUG] [org.gradle.internal.watch.vfs.impl.WatchingVirtualFileSystem] Handling VFS change MODIFIED /Users/adilmomin/Desktop/myContactListApp/caches/transforms-3/dcb0afc8cdc811d9472b1dc2fac247b3/transformed/print-1.0.0-api.jar
2022-01-23T21:02:31.832-0500 [DEBUG] [org.gradle.internal.watch.vfs.impl.WatchingVirtualFileSystem] Handling VFS change MODIFIED /Users/adilmomin/Desktop/myContactListApp/caches/transforms-3/e49c504f45e813a88ab474aaf059105d/transformed/documentfile-1.0.0-api.jar
2022-01-23T21:02:31.992-0500 [DEBUG] [org.gradle.internal.watch.vfs.impl.WatchingVirtualFileSystem] Handling VFS change MODIFIED /Users/adilmomin/Desktop/myContactListApp/caches/transforms-3/f8d68f472aa31fe6d07f9697ea9f8240/transformed/vectordrawable-1.1.0-api.jar
2022-01-23T21:02:32.008-0500 [DEBUG] [org.gradle.internal.watch.vfs.impl.WatchingVirtualFileSystem] Handling VFS change MODIFIED /Users/adilmomin/Desktop/myContactListApp/caches/transforms-3/f9d2722cab815a90b825f5defebab7ff/transformed/core-runtime-2.1.0-api.jar
2022-01-23T21:02:32.502-0500 [DEBUG] [org.gradle.internal.watch.vfs.impl.WatchingVirtualFileSystem] Handling VFS change MODIFIED /Users/adilmomin/Desktop/myContactListApp/app/build/intermediates/dex/debug/mergeProjectDexDebug/0/classes.dex
2022-01-23T21:02:32.521-0500 [DEBUG] [org.gradle.internal.watch.vfs.impl.WatchingVirtualFileSystem] Handling VFS change MODIFIED /Users/adilmomin/Desktop/myContactListApp/app/build/intermediates/dex/debug/mergeProjectDexDebug/2/classes.dex
2022-01-23T21:02:32.626-0500 [DEBUG] [org.gradle.internal.watch.vfs.impl.WatchingVirtualFileSystem] Handling VFS change MODIFIED /Users/adilmomin/Desktop/myContactListApp/app/build/intermediates/javac/debug/classes/com/example/mycontactlist/BuildConfig.class
2022-01-23T21:02:32.627-0500 [DEBUG] [org.gradle.internal.watch.vfs.impl.WatchingVirtualFileSystem] Handling VFS change MODIFIED /Users/adilmomin/Desktop/myContactListApp/app/build/intermediates/javac/debug/classes/com/example/mycontactlist/ContactListActivity.class
2022-01-23T21:02:32.627-0500 [DEBUG] [org.gradle.internal.watch.vfs.impl.WatchingVirtualFileSystem] Handling VFS change MODIFIED /Users/adilmomin/Desktop/myContactListApp/app/build/intermediates/javac/debug/classes/com/example/mycontactlist/ContactMapActivity.class
2022-01-23T21:02:32.640-0500 [DEBUG] [org.gradle.internal.watch.vfs.impl.WatchingVirtualFileSystem] Handling VFS change MODIFIED /Users/adilmomin/Desktop/myContactListApp/app/build/intermediates/javac/debug/classes/com/example/mycontactlist/ContactSettingsActivity.class
2022-01-23T21:02:32.640-0500 [DEBUG] [org.gradle.internal.watch.vfs.impl.WatchingVirtualFileSystem] Handling VFS change MODIFIED /Users/adilmomin/Desktop/myContactListApp/app/build/intermediates/javac/debug/classes/com/example/mycontactlist/MainActivity.class
2022-01-23T21:02:32.655-0500 [DEBUG] [org.gradle.internal.watch.vfs.impl.WatchingVirtualFileSystem] Handling VFS change MODIFIED /Users/adilmomin/Desktop/myContactListApp/app/build/intermediates/project_dex_archive/debug/out/b306bb43338264f50d82c0c049fc1dfdf17b1140d20a87d9922eb2c439dc891e_0.jar
2022-01-23T21:02:32.656-0500 [DEBUG] [org.gradle.internal.watch.vfs.impl.WatchingVirtualFileSystem] Handling VFS change MODIFIED /Users/adilmomin/Desktop/myContactListApp/app/build/intermediates/project_dex_archive/debug/out/b306bb43338264f50d82c0c049fc1dfdf17b1140d20a87d9922eb2c439dc891e_1.jar
2022-01-23T21:02:32.656-0500 [DEBUG] [org.gradle.internal.watch.vfs.impl.WatchingVirtualFileSystem] Handling VFS change MODIFIED /Users/adilmomin/Desktop/myContactListApp/app/build/intermediates/project_dex_archive/debug/out/b306bb43338264f50d82c0c049fc1dfdf17b1140d20a87d9922eb2c439dc891e_2.jar
2022-01-23T21:02:32.656-0500 [DEBUG] [org.gradle.internal.watch.vfs.impl.WatchingVirtualFileSystem] Handling VFS change MODIFIED /Users/adilmomin/Desktop/myContactListApp/app/build/intermediates/project_dex_archive/debug/out/b306bb43338264f50d82c0c049fc1dfdf17b1140d20a87d9922eb2c439dc891e_3.jar
2022-01-23T21:02:32.674-0500 [DEBUG] [org.gradle.internal.watch.vfs.impl.WatchingVirtualFileSystem] Handling VFS change MODIFIED /Users/adilmomin/Desktop/myContactListApp/app/build/intermediates/project_dex_archive/debug/out/com/example/mycontactlist/BuildConfig.dex
2022-01-23T21:02:32.674-0500 [DEBUG] [org.gradle.internal.watch.vfs.impl.WatchingVirtualFileSystem] Handling VFS change MODIFIED /Users/adilmomin/Desktop/myContactListApp/app/build/intermediates/project_dex_archive/debug/out/com/example/mycontactlist/ContactListActivity.dex
2022-01-23T21:02:32.674-0500 [DEBUG] [org.gradle.internal.watch.vfs.impl.WatchingVirtualFileSystem] Handling VFS change MODIFIED /Users/adilmomin/Desktop/myContactListApp/app/build/intermediates/project_dex_archive/debug/out/com/example/mycontactlist/ContactMapActivity.dex
2022-01-23T21:02:32.687-0500 [DEBUG] [org.gradle.internal.watch.vfs.impl.WatchingVirtualFileSystem] Handling VFS change MODIFIED /Users/adilmomin/Desktop/myContactListApp/app/build/intermediates/project_dex_archive/debug/out/com/example/mycontactlist/ContactSettingsActivity.dex
2022-01-23T21:02:32.687-0500 [DEBUG] [org.gradle.internal.watch.vfs.impl.WatchingVirtualFileSystem] Handling VFS change MODIFIED /Users/adilmomin/Desktop/myContactListApp/app/build/intermediates/project_dex_archive/debug/out/com/example/mycontactlist/MainActivity.dex
2022-01-23T21:02:32.756-0500 [DEBUG] [org.gradle.internal.watch.vfs.impl.WatchingVirtualFileSystem] Handling VFS change MODIFIED /Users/adilmomin/Desktop/myContactListApp/app/build/outputs/apk/debug/app-debug.apk
2022-01-23T21:02:32.756-0500 [DEBUG] [org.gradle.internal.watch.vfs.impl.WatchingVirtualFileSystem] Handling VFS change MODIFIED /Users/adilmomin/Desktop/myContactListApp/app/build/outputs/apk/debug/output-metadata.json
2022-01-23T21:02:33.399-0500 [DEBUG] [org.gradle.internal.watch.vfs.impl.WatchingVirtualFileSystem] Handling VFS change MODIFIED /Users/adilmomin/Desktop/myContactListApp/app
2022-01-23T21:02:33.528-0500 [DEBUG] [org.gradle.internal.watch.vfs.impl.WatchingVirtualFileSystem] Handling VFS change MODIFIED /Users/adilmomin/Desktop/myContactListApp/caches/modules-2/files-2.1/com.android.tools.build
2022-01-23T21:02:35.226-0500 [DEBUG] [org.gradle.internal.remote.internal.inet.TcpIncomingConnector] Accepted connection from /127.0.0.1:63514 to /127.0.0.1:63161.
2022-01-23T21:02:35.247-0500 [DEBUG] [org.gradle.launcher.daemon.server.SynchronizedDispatchConnection] thread 104: received class org.gradle.launcher.daemon.protocol.Build
2022-01-23T21:02:35.247-0500 [DEBUG] [org.gradle.launcher.daemon.server.DefaultDaemonConnection] thread 104: Received non-IO message from client: Build{id=9c74a5c1-01ce-48d8-98b2-165b92eb2b6a, currentDir=/Users/adilmomin/Desktop/myContactListApp}
2022-01-23T21:02:35.248-0500 [INFO] [org.gradle.launcher.daemon.server.DefaultIncomingConnectionHandler] Received command: Build{id=9c74a5c1-01ce-48d8-98b2-165b92eb2b6a, currentDir=/Users/adilmomin/Desktop/myContactListApp}.
2022-01-23T21:02:35.248-0500 [DEBUG] [org.gradle.launcher.daemon.server.DefaultIncomingConnectionHandler] Starting executing command: Build{id=9c74a5c1-01ce-48d8-98b2-165b92eb2b6a, currentDir=/Users/adilmomin/Desktop/myContactListApp} with connection: socket connection from /127.0.0.1:63161 to /127.0.0.1:63514.
2022-01-23T21:02:35.249-0500 [DEBUG] [org.gradle.launcher.daemon.server.DaemonStateCoordinator] Command execution: started DaemonCommandExecution[command = Build{id=9c74a5c1-01ce-48d8-98b2-165b92eb2b6a, currentDir=/Users/adilmomin/Desktop/myContactListApp}, connection = DefaultDaemonConnection: socket connection from /127.0.0.1:63161 to /127.0.0.1:63514] after 0.0 minutes of idle
2022-01-23T21:02:35.250-0500 [INFO] [org.gradle.launcher.daemon.server.DaemonRegistryUpdater] Marking the daemon as busy, address: [94fca06e-d4dd-40ae-8971-8d07d040700e port:63161, addresses:[localhost/127.0.0.1]]
2022-01-23T21:02:35.250-0500 [DEBUG] [org.gradle.launcher.daemon.registry.PersistentDaemonRegistry] Marking busy by address: [94fca06e-d4dd-40ae-8971-8d07d040700e port:63161, addresses:[localhost/127.0.0.1]]
2022-01-23T21:02:35.250-0500 [DEBUG] [org.gradle.cache.internal.DefaultFileLockManager] Waiting to acquire exclusive lock on daemon addresses registry.
2022-01-23T21:02:35.251-0500 [DEBUG] [org.gradle.cache.internal.DefaultFileLockManager] Lock acquired on daemon addresses registry.
2022-01-23T21:02:35.252-0500 [DEBUG] [org.gradle.cache.internal.DefaultFileLockManager] Releasing lock on daemon addresses registry.
2022-01-23T21:02:35.252-0500 [DEBUG] [org.gradle.launcher.daemon.server.DaemonStateCoordinator] resetting idle timer
2022-01-23T21:02:35.253-0500 [DEBUG] [org.gradle.launcher.daemon.server.DaemonStateCoordinator] daemon is running. Sleeping until state changes.
2022-01-23T21:02:35.253-0500 [INFO] [org.gradle.launcher.daemon.server.exec.StartBuildOrRespondWithBusy] Daemon is about to start building Build{id=9c74a5c1-01ce-48d8-98b2-165b92eb2b6a, currentDir=/Users/adilmomin/Desktop/myContactListApp}. Dispatching build started information...
2022-01-23T21:02:35.254-0500 [DEBUG] [org.gradle.launcher.daemon.server.SynchronizedDispatchConnection] thread 21: dispatching org.gradle.launcher.daemon.protocol.BuildStarted@ba5e04b
2022-01-23T21:02:35.255-0500 [DEBUG] [org.gradle.launcher.daemon.server.exec.EstablishBuildEnvironment] Configuring env variables: [PATH, __CFBundleIdentifier, SHELL, OLDPWD, USER, COMMAND_MODE, TMPDIR, SSH_AUTH_SOCK, XPC_FLAGS, VERSIONER_PYTHON_VERSION, __CF_USER_TEXT_ENCODING, LOGNAME, LC_CTYPE, XPC_SERVICE_NAME, HOME]
2022-01-23T21:02:35.255-0500 [DEBUG] [org.gradle.launcher.daemon.server.exec.LogToClient] About to start relaying all logs to the client via the connection.
2022-01-23T21:02:35.256-0500 [INFO] [org.gradle.launcher.daemon.server.exec.LogToClient] The client will now receive all logging from the daemon (pid: 48601). The daemon log file: /Users/adilmomin/Desktop/myContactListApp/daemon/7.0.2/daemon-48601.out.log
2022-01-23T21:02:35.258-0500 [INFO] [org.gradle.launcher.daemon.server.exec.LogAndCheckHealth] Starting 2nd build in daemon [uptime: 43.907 secs, performance: 99%]
2022-01-23T21:02:35.259-0500 [DEBUG] [org.gradle.launcher.daemon.server.exec.ExecuteBuild] The daemon has started executing the build.
2022-01-23T21:02:35.259-0500 [DEBUG] [org.gradle.launcher.daemon.server.exec.ExecuteBuild] Executing build with daemon context: DefaultDaemonContext[uid=3295a6c4-f796-4c96-8281-71eb0e998133,javaHome=/Applications/Android Studio.app/Contents/jre/Contents/Home,daemonRegistryDir=/Users/adilmomin/Desktop/myContactListApp/daemon,pid=48601,idleTimeout=10800000,priority=NORMAL,daemonOpts=--add-opens,java.base/java.util=ALL-UNNAMED,--add-opens,java.base/java.lang=ALL-UNNAMED,--add-opens,java.base/java.lang.invoke=ALL-UNNAMED,--add-opens,java.base/java.util=ALL-UNNAMED,--add-opens,java.prefs/java.util.prefs=ALL-UNNAMED,--add-opens,java.prefs/java.util.prefs=ALL-UNNAMED,--add-opens,java.base/java.nio.charset=ALL-UNNAMED,--add-opens,java.base/java.net=ALL-UNNAMED,--add-opens,java.base/java.util.concurrent.atomic=ALL-UNNAMED,-Xmx2048m,-Dfile.encoding=UTF-8,-Duser.country=US,-Duser.language=en,-Duser.variant]
2022-01-23T21:02:35.260-0500 [DEBUG] [org.gradle.launcher.daemon.server.SynchronizedDispatchConnection] thread 104: received class org.gradle.launcher.daemon.protocol.CloseInput
2022-01-23T21:02:35.261-0500 [DEBUG] [org.gradle.launcher.daemon.server.DefaultDaemonConnection] thread 104: Received IO message from client: org.gradle.launcher.daemon.protocol.CloseInput@cf89fd9
2022-01-23T21:02:35.261-0500 [INFO] [org.gradle.launcher.daemon.server.exec.ForwardClientInput] Closing daemon's stdin at end of input.
2022-01-23T21:02:35.261-0500 [INFO] [org.gradle.launcher.daemon.server.exec.ForwardClientInput] The daemon will no longer process any standard input.
AGPBI: {"kind":"warning","text":"We recommend using a newer Android Gradle plugin to use compileSdk = 32\n\nThis Android Gradle plugin (7.0.4) was tested up to compileSdk = 31\n\nThis warning can be suppressed by adding\n    android.suppressUnsupportedCompileSdk=32\nto this project's gradle.properties\n\nThe build will continue, but you are strongly encouraged to update your project to\nuse a newer Android Gradle Plugin that has been tested with compileSdk = 32","sources":[{}]}

Deprecated Gradle features were used in this build, making it incompatible with Gradle 8.0.
Use '--warning-mode all' to show the individual deprecation warnings.
See https://docs.gradle.org/7.0.2/userguide/command_line_interface.html#sec:command_line_warnings

BUILD SUCCESSFUL in 1s
27 actionable tasks: 27 up-to-date
2022-01-23T21:02:36.380-0500 [DEBUG] [org.gradle.launcher.daemon.server.exec.ExecuteBuild] The daemon has finished executing the build.
2022-01-23T21:02:36.386-0500 [DEBUG] [org.gradle.launcher.daemon.server.DaemonStateCoordinator] Command execution: finished waiting for DaemonCommandExecution[command = Build{id=9c74a5c1-01ce-48d8-98b2-165b92eb2b6a, currentDir=/Users/adilmomin/Desktop/myContactListApp}, connection = DefaultDaemonConnection: socket connection from /127.0.0.1:63161 to /127.0.0.1:63514]. Result org.gradle.launcher.daemon.server.DaemonStateCoordinator@7c8e1353 with state Busy
2022-01-23T21:02:36.387-0500 [DEBUG] [org.gradle.launcher.daemon.server.DaemonStateCoordinator] Command execution: completed DaemonCommandExecution[command = Build{id=9c74a5c1-01ce-48d8-98b2-165b92eb2b6a, currentDir=/Users/adilmomin/Desktop/myContactListApp}, connection = DefaultDaemonConnection: socket connection from /127.0.0.1:63161 to /127.0.0.1:63514]
2022-01-23T21:02:36.387-0500 [DEBUG] [org.gradle.launcher.daemon.server.DaemonStateCoordinator] resetting idle timer
2022-01-23T21:02:36.387-0500 [INFO] [org.gradle.launcher.daemon.server.DaemonRegistryUpdater] Marking the daemon as idle, address: [94fca06e-d4dd-40ae-8971-8d07d040700e port:63161, addresses:[localhost/127.0.0.1]]
2022-01-23T21:02:36.387-0500 [DEBUG] [org.gradle.launcher.daemon.registry.PersistentDaemonRegistry] Marking busy by address: [94fca06e-d4dd-40ae-8971-8d07d040700e port:63161, addresses:[localhost/127.0.0.1]]
2022-01-23T21:02:36.388-0500 [DEBUG] [org.gradle.cache.internal.DefaultFileLockManager] Waiting to acquire exclusive lock on daemon addresses registry.
2022-01-23T21:02:36.388-0500 [DEBUG] [org.gradle.cache.internal.DefaultFileLockManager] Lock acquired on daemon addresses registry.
2022-01-23T21:02:36.389-0500 [DEBUG] [org.gradle.cache.internal.DefaultFileLockManager] Releasing lock on daemon addresses registry.
2022-01-23T21:02:36.390-0500 [DEBUG] [org.gradle.launcher.daemon.server.DaemonStateCoordinator] daemon is running. Sleeping until state changes.
2022-01-23T21:02:36.390-0500 [DEBUG] [org.gradle.launcher.daemon.server.exec.ReturnResult] Daemon is dispatching the build result: Success[value=org.gradle.launcher.exec.BuildActionResult@1143cce7]
2022-01-23T21:02:36.391-0500 [DEBUG] [org.gradle.launcher.daemon.server.SynchronizedDispatchConnection] thread 18: dispatching Success[value=org.gradle.launcher.exec.BuildActionResult@1143cce7]
2022-01-23T21:02:36.391-0500 [DEBUG] [org.gradle.launcher.daemon.server.DefaultIncomingConnectionHandler] Finishing executing command: Build{id=9c74a5c1-01ce-48d8-98b2-165b92eb2b6a, currentDir=/Users/adilmomin/Desktop/myContactListApp}
2022-01-23T21:02:36.391-0500 [DEBUG] [org.gradle.launcher.daemon.server.SynchronizedDispatchConnection] thread 104: received class org.gradle.launcher.daemon.protocol.Finished
2022-01-23T21:02:36.391-0500 [DEBUG] [org.gradle.launcher.daemon.server.DefaultDaemonConnection] thread 104: Received non-IO message from client: org.gradle.launcher.daemon.protocol.Finished@23f7036
2022-01-23T21:02:36.392-0500 [DEBUG] [org.gradle.launcher.daemon.server.DefaultIncomingConnectionHandler] Received finished message: org.gradle.launcher.daemon.protocol.Finished@23f7036
2022-01-23T21:02:36.392-0500 [DEBUG] [org.gradle.internal.remote.internal.inet.SocketConnection] Discarding EOFException: java.io.EOFException
2022-01-23T21:02:36.392-0500 [DEBUG] [org.gradle.launcher.daemon.server.SynchronizedDispatchConnection] thread 18: stopping connection
2022-01-23T21:02:36.392-0500 [DEBUG] [org.gradle.launcher.daemon.server.SynchronizedDispatchConnection] thread 104: received null
2022-01-23T21:02:36.393-0500 [DEBUG] [org.gradle.launcher.daemon.server.DefaultDaemonConnection] thread 104: Received end-of-input from client.
2022-01-23T21:02:36.393-0500 [DEBUG] [org.gradle.launcher.daemon.server.SynchronizedDispatchConnection] thread 18: stopping connection
2022-01-23T21:02:36.462-0500 [DEBUG] [org.gradle.internal.watch.vfs.impl.WatchingVirtualFileSystem] Handling VFS change MODIFIED /Users/adilmomin/Desktop/myContactListApp/app/build/intermediates/incremental/mergeDebugResources/merged.dir/values-w600dp-land-v13
2022-01-23T21:02:36.739-0500 [DEBUG] [org.gradle.internal.watch.vfs.impl.WatchingVirtualFileSystem] Handling VFS change MODIFIED /Users/adilmomin/Desktop/myContactListApp/app/build/intermediates/incremental/mergeDebugResources/merged.dir/values-zh-rTW
2022-01-23T21:02:36.940-0500 [DEBUG] [org.gradle.internal.watch.vfs.impl.WatchingVirtualFileSystem] Handling VFS change MODIFIED /Users/adilmomin/Desktop/myContactListApp/app/build/intermediates/incremental/mergeDebugResources/merged.dir/values-fr-rCA
2022-01-23T21:02:37.037-0500 [DEBUG] [org.gradle.internal.watch.vfs.impl.WatchingVirtualFileSystem] Handling VFS change MODIFIED /Users/adilmomin/Desktop/myContactListApp/app/build/intermediates/incremental/mergeDebugResources/merged.dir/values-hdpi-v4
2022-01-23T21:02:37.189-0500 [DEBUG] [org.gradle.internal.watch.vfs.impl.WatchingVirtualFileSystem] Handling VFS change MODIFIED /Users/adilmomin/Desktop/myContactListApp/app/build/intermediates/incremental/mergeDebugResources/merged.dir/values-h320dp-port-v13
2022-01-23T21:02:37.271-0500 [DEBUG] [org.gradle.internal.watch.vfs.impl.WatchingVirtualFileSystem] Handling VFS change MODIFIED /Users/adilmomin/Desktop/myContactListApp/app/build/intermediates/incremental/mergeDebugResources/merged.dir/values-ka
2022-01-23T21:02:37.326-0500 [DEBUG] [org.gradle.internal.watch.vfs.impl.WatchingVirtualFileSystem] Handling VFS change MODIFIED /Users/adilmomin/Desktop/myContactListApp/app/build/intermediates/incremental/mergeDebugResources/merged.dir/values-h720dp-v13
2022-01-23T21:02:37.384-0500 [DEBUG] [org.gradle.internal.watch.vfs.impl.WatchingVirtualFileSystem] Handling VFS change MODIFIED /Users/adilmomin/Desktop/myContactListApp/app/build/intermediates/incremental/mergeDebugResources/merged.dir/values-v16
2022-01-23T21:02:37.435-0500 [DEBUG] [org.gradle.internal.watch.vfs.impl.WatchingVirtualFileSystem] Handling VFS change MODIFIED /Users/adilmomin/Desktop/myContactListApp/app/build/intermediates/incremental/mergeDebugResources/merged.dir/values-watch-v20
2022-01-23T21:02:37.474-0500 [DEBUG] [org.gradle.internal.watch.vfs.impl.WatchingVirtualFileSystem] Handling VFS change MODIFIED /Users/adilmomin/Desktop/myContactListApp/app/build/intermediates/incremental/mergeDebugResources/merged.dir/values-fa
2022-01-23T21:02:37.474-0500 [DEBUG] [org.gradle.internal.watch.vfs.impl.WatchingVirtualFileSystem] Handling VFS change MODIFIED /Users/adilmomin/Desktop/myContactListApp/app/build/intermediates/incremental/mergeDebugResources/merged.dir/values-w320dp-land-v13
2022-01-23T21:02:37.525-0500 [DEBUG] [org.gradle.internal.watch.vfs.impl.WatchingVirtualFileSystem] Handling VFS change MODIFIED /Users/adilmomin/Desktop/myContactListApp/app/build/intermediates/incremental/mergeDebugResources/merged.dir/values-pt-rPT
2022-01-23T21:02:37.525-0500 [DEBUG] [org.gradle.internal.watch.vfs.impl.WatchingVirtualFileSystem] Handling VFS change MODIFIED /Users/adilmomin/Desktop/myContactListApp/app/build/intermediates/incremental/mergeDebugResources/merged.dir/values-eu
2022-01-23T21:02:37.907-0500 [DEBUG] [org.gradle.internal.watch.vfs.impl.WatchingVirtualFileSystem] Handling VFS change MODIFIED /Users/adilmomin/Desktop/myContactListApp/app/build/intermediates/incremental/mergeDebugResources/merged.dir/values-ms
2022-01-23T21:02:37.948-0500 [DEBUG] [org.gradle.internal.watch.vfs.impl.WatchingVirtualFileSystem] Handling VFS change MODIFIED /Users/adilmomin/Desktop/myContactListApp/app/build/intermediates/incremental/mergeDebugResources/merged.dir/values-be
2022-01-23T21:02:37.980-0500 [DEBUG] [org.gradle.internal.watch.vfs.impl.WatchingVirtualFileSystem] Handling VFS change MODIFIED /Users/adilmomin/Desktop/myContactListApp/app/build/intermediates/incremental/mergeDebugResources/merged.dir/values-ro
2022-01-23T21:02:38.026-0500 [DEBUG] [org.gradle.internal.watch.vfs.impl.WatchingVirtualFileSystem] Handling VFS change MODIFIED /Users/adilmomin/Desktop/myContactListApp/app/build/intermediates/incremental/mergeDebugResources/merged.dir/values-te
2022-01-23T21:02:38.037-0500 [DEBUG] [org.gradle.internal.watch.vfs.impl.WatchingVirtualFileSystem] Handling VFS change MODIFIED /Users/adilmomin/Desktop/myContactListApp/app/build/intermediates/incremental/mergeDebugResources/merged.dir/values-ja
2022-01-23T21:02:38.074-0500 [DEBUG] [org.gradle.internal.watch.vfs.impl.WatchingVirtualFileSystem] Handling VFS change MODIFIED /Users/adilmomin/Desktop/myContactListApp/app/build/intermediates/incremental/mergeDebugResources/merged.dir/values-ne
2022-01-23T21:02:38.087-0500 [DEBUG] [org.gradle.internal.watch.vfs.impl.WatchingVirtualFileSystem] Handling VFS change MODIFIED /Users/adilmomin/Desktop/myContactListApp/app/build/intermediates/incremental/mergeDebugResources/merged.dir/values-or
2022-01-23T21:02:38.125-0500 [DEBUG] [org.gradle.internal.watch.vfs.impl.WatchingVirtualFileSystem] Handling VFS change MODIFIED /Users/adilmomin/Desktop/myContactListApp/app/build/intermediates/incremental/mergeDebugResources/merged.dir/values-v17
2022-01-23T21:02:38.139-0500 [DEBUG] [org.gradle.internal.watch.vfs.impl.WatchingVirtualFileSystem] Handling VFS change MODIFIED /Users/adilmomin/Desktop/myContactListApp/app/build/intermediates/incremental/mergeDebugResources/merged.dir/values-hy
2022-01-23T21:02:38.171-0500 [DEBUG] [org.gradle.internal.watch.vfs.impl.WatchingVirtualFileSystem] Handling VFS change MODIFIED /Users/adilmomin/Desktop/myContactListApp/app/build/intermediates/incremental/mergeDebugResources/merged.dir/values-lo
2022-01-23T21:02:38.184-0500 [DEBUG] [org.gradle.internal.watch.vfs.impl.WatchingVirtualFileSystem] Handling VFS change MODIFIED /Users/adilmomin/Desktop/myContactListApp/app/build/intermediates/incremental/mergeDebugResources/merged.dir/values-sk
2022-01-23T21:02:38.227-0500 [DEBUG] [org.gradle.internal.watch.vfs.impl.WatchingVirtualFileSystem] Handling VFS change MODIFIED /Users/adilmomin/Desktop/myContactListApp/app/build/intermediates/incremental/mergeDebugResources/merged.dir/values-ky
2022-01-23T21:02:38.277-0500 [DEBUG] [org.gradle.internal.watch.vfs.impl.WatchingVirtualFileSystem] Handling VFS change MODIFIED /Users/adilmomin/Desktop/myContactListApp/app/build/intermediates/incremental/mergeDebugResources/merged.dir/values-v25
2022-01-23T21:02:38.278-0500 [DEBUG] [org.gradle.internal.watch.vfs.impl.WatchingVirtualFileSystem] Handling VFS change MODIFIED /Users/adilmomin/Desktop/myContactListApp/app/build/intermediates/incremental/mergeDebugResources/merged.dir/values-iw
2022-01-23T21:02:38.326-0500 [DEBUG] [org.gradle.internal.watch.vfs.impl.WatchingVirtualFileSystem] Handling VFS change MODIFIED /Users/adilmomin/Desktop/myContactListApp/app/build/intermediates/incremental/mergeDebugResources/merged.dir/values-b+es+419
2022-01-23T21:02:38.326-0500 [DEBUG] [org.gradle.internal.watch.vfs.impl.WatchingVirtualFileSystem] Handling VFS change MODIFIED /Users/adilmomin/Desktop/myContactListApp/app/build/intermediates/incremental/mergeDebugResources/merged.dir/values-en-rAU
2022-01-23T21:02:38.338-0500 [DEBUG] [org.gradle.internal.watch.vfs.impl.WatchingVirtualFileSystem] Handling VFS change MODIFIED /Users/adilmomin/Desktop/myContactListApp/app/build/intermediates/incremental/mergeDebugResources/merged.dir/values-th
2022-01-23T21:02:38.480-0500 [DEBUG] [org.gradle.internal.watch.vfs.impl.WatchingVirtualFileSystem] Handling VFS change MODIFIED /Users/adilmomin/Desktop/myContactListApp/app/build/intermediates/incremental/mergeDebugResources/merged.dir/values-small-v4
2022-01-23T21:02:38.528-0500 [DEBUG] [org.gradle.internal.watch.vfs.impl.WatchingVirtualFileSystem] Handling VFS change MODIFIED /Users/adilmomin/Desktop/myContactListApp/app/build/intermediates/incremental/mergeDebugResources/merged.dir/values-lv
2022-01-23T21:02:38.528-0500 [DEBUG] [org.gradle.internal.watch.vfs.impl.WatchingVirtualFileSystem] Handling VFS change MODIFIED /Users/adilmomin/Desktop/myContactListApp/app/build/intermediates/incremental/mergeDebugResources/merged.dir/values-nl
2022-01-23T21:02:38.790-0500 [DEBUG] [org.gradle.internal.watch.vfs.impl.WatchingVirtualFileSystem] Handling VFS change MODIFIED /Users/adilmomin/Desktop/myContactListApp/app/build/intermediates/incremental/mergeDebugResources/merged.dir/values-ta
2022-01-23T21:02:38.825-0500 [DEBUG] [org.gradle.internal.watch.vfs.impl.WatchingVirtualFileSystem] Handling VFS change MODIFIED /Users/adilmomin/Desktop/myContactListApp/app/build/intermediates/incremental/mergeDebugResources/merged.dir/values-xlarge-v4
2022-01-23T21:02:39.423-0500 [DEBUG] [org.gradle.internal.watch.vfs.impl.WatchingVirtualFileSystem] Handling VFS change MODIFIED /Users/adilmomin/Desktop/myContactListApp/app/build/intermediates/incremental/mergeDebugResources/merged.dir/values-as
2022-01-23T21:02:39.424-0500 [DEBUG] [org.gradle.internal.watch.vfs.impl.WatchingVirtualFileSystem] Handling VFS change MODIFIED /Users/adilmomin/Desktop/myContactListApp/app/build/intermediates/incremental/mergeDebugResources/merged.dir/values-ldltr-v21
2022-01-23T21:02:39.443-0500 [DEBUG] [org.gradle.internal.watch.vfs.impl.WatchingVirtualFileSystem] Handling VFS change MODIFIED /Users/adilmomin/Desktop/myContactListApp/app/build/intermediates/incremental/mergeDebugResources/merged.dir/values-h480dp-land-v13
2022-01-23T21:02:39.480-0500 [DEBUG] [org.gradle.internal.watch.vfs.impl.WatchingVirtualFileSystem] Handling VFS change MODIFIED /Users/adilmomin/Desktop/myContactListApp/app/build/intermediates/incremental/mergeDebugResources/merged.dir/values-v23
2022-01-23T21:02:39.499-0500 [DEBUG] [org.gradle.internal.watch.vfs.impl.WatchingVirtualFileSystem] Handling VFS change MODIFIED /Users/adilmomin/Desktop/myContactListApp/app/build/intermediates/incremental/mergeDebugResources/merged.dir/values-night-v8
2022-01-23T21:02:39.526-0500 [DEBUG] [org.gradle.internal.watch.vfs.impl.WatchingVirtualFileSystem] Handling VFS change MODIFIED /Users/adilmomin/Desktop/myContactListApp/app/build/intermediates/incremental/mergeDebugResources/merged.dir/values-pl
2022-01-23T21:02:39.526-0500 [DEBUG] [org.gradle.internal.watch.vfs.impl.WatchingVirtualFileSystem] Handling VFS change MODIFIED /Users/adilmomin/Desktop/myContactListApp/app/build/intermediates/incremental/mergeDebugResources/merged.dir/values-lt
2022-01-23T21:02:39.616-0500 [DEBUG] [org.gradle.internal.watch.vfs.impl.WatchingVirtualFileSystem] Handling VFS change MODIFIED /Users/adilmomin/Desktop/myContactListApp/app/build/intermediates/incremental/mergeDebugResources/merged.dir/values-ur
2022-01-23T21:02:39.659-0500 [DEBUG] [org.gradle.internal.watch.vfs.impl.WatchingVirtualFileSystem] Handling VFS change MODIFIED /Users/adilmomin/Desktop/myContactListApp/app/build/intermediates/incremental/mergeDebugResources/merged.dir/values-mr
2022-01-23T21:02:39.676-0500 [DEBUG] [org.gradle.internal.watch.vfs.impl.WatchingVirtualFileSystem] Handling VFS change MODIFIED /Users/adilmomin/Desktop/myContactListApp/app/build/intermediates/incremental/mergeDebugResources/merged.dir/values-it
2022-01-23T21:02:39.676-0500 [DEBUG] [org.gradle.internal.watch.vfs.impl.WatchingVirtualFileSystem] Handling VFS change MODIFIED /Users/adilmomin/Desktop/myContactListApp/app/build/intermediates/incremental/mergeDebugResources/merged.dir/values-v24
2022-01-23T21:02:39.691-0500 [DEBUG] [org.gradle.internal.watch.vfs.impl.WatchingVirtualFileSystem] Handling VFS change MODIFIED /Users/adilmomin/Desktop/myContactListApp/app/build/intermediates/incremental/mergeDebugResources/merged.dir/values-bn
2022-01-23T21:02:39.724-0500 [DEBUG] [org.gradle.internal.watch.vfs.impl.WatchingVirtualFileSystem] Handling VFS change MODIFIED /Users/adilmomin/Desktop/myContactListApp/app/build/intermediates/incremental/mergeDebugResources/merged.dir/values-et
2022-01-23T21:02:39.724-0500 [DEBUG] [org.gradle.internal.watch.vfs.impl.WatchingVirtualFileSystem] Handling VFS change MODIFIED /Users/adilmomin/Desktop/myContactListApp/app/build/intermediates/incremental/mergeDebugResources/merged.dir/values-en-rGB
2022-01-23T21:02:39.740-0500 [DEBUG] [org.gradle.internal.watch.vfs.impl.WatchingVirtualFileSystem] Handling VFS change MODIFIED /Users/adilmomin/Desktop/myContactListApp/app/build/intermediates/incremental/mergeDebugResources/merged.dir/values-am
2022-01-23T21:02:39.776-0500 [DEBUG] [org.gradle.internal.watch.vfs.impl.WatchingVirtualFileSystem] Handling VFS change MODIFIED /Users/adilmomin/Desktop/myContactListApp/app/build/intermediates/incremental/mergeDebugResources/merged.dir/values-en-rCA
2022-01-23T21:02:39.858-0500 [DEBUG] [org.gradle.internal.watch.vfs.impl.WatchingVirtualFileSystem] Handling VFS change MODIFIED /Users/adilmomin/Desktop/myContactListApp/app/build/intermediates/incremental/mergeDebugResources/merged.dir/values-ca
2022-01-23T21:02:41.608-0500 [DEBUG] [org.gradle.cache.internal.DefaultFileLockManager] Waiting to acquire shared lock on daemon addresses registry.
2022-01-23T21:02:41.609-0500 [DEBUG] [org.gradle.cache.internal.DefaultFileLockManager] Lock acquired on daemon addresses registry.
2022-01-23T21:02:41.609-0500 [DEBUG] [org.gradle.cache.internal.DefaultFileLockManager] Releasing lock on daemon addresses registry.
2022-01-23T21:02:41.610-0500 [DEBUG] [org.gradle.cache.internal.DefaultFileLockManager] Waiting to acquire shared lock on daemon addresses registry.
2022-01-23T21:02:41.610-0500 [DEBUG] [org.gradle.cache.internal.DefaultFileLockManager] Lock acquired on daemon addresses registry.
2022-01-23T21:02:41.610-0500 [DEBUG] [org.gradle.cache.internal.DefaultFileLockManager] Releasing lock on daemon addresses registry.
2022-01-23T21:02:41.988-0500 [DEBUG] [org.gradle.internal.watch.vfs.impl.WatchingVirtualFileSystem] Handling VFS change MODIFIED /Users/adilmomin/Desktop/myContactListApp/app/build/intermediates/incremental/mergeDebugResources/merged.dir/values-ldrtl-v17
2022-01-23T21:02:42.033-0500 [DEBUG] [org.gradle.internal.watch.vfs.impl.WatchingVirtualFileSystem] Handling VFS change MODIFIED /Users/adilmomin/Desktop/myContactListApp/app/build/intermediates/incremental/mergeDebugResources/merged.dir/values-w360dp-port-v13
2022-01-23T21:02:42.079-0500 [DEBUG] [org.gradle.internal.watch.vfs.impl.WatchingVirtualFileSystem] Handling VFS change MODIFIED /Users/adilmomin/Desktop/myContactListApp/app/build/intermediates/incremental/mergeDebugResources/merged.dir/values-h550dp-port-v13
2022-01-23T21:02:42.091-0500 [DEBUG] [org.gradle.internal.watch.vfs.impl.WatchingVirtualFileSystem] Handling VFS change MODIFIED /Users/adilmomin/Desktop/myContactListApp/app/build/intermediates/incremental/mergeDebugResources/merged.dir/values-da
2022-01-23T21:02:42.127-0500 [DEBUG] [org.gradle.internal.watch.vfs.impl.WatchingVirtualFileSystem] Handling VFS change MODIFIED /Users/adilmomin/Desktop/myContactListApp/app/build/intermediates/incremental/mergeDebugResources/merged.dir/values-ru
2022-01-23T21:02:42.127-0500 [DEBUG] [org.gradle.internal.watch.vfs.impl.WatchingVirtualFileSystem] Handling VFS change MODIFIED /Users/adilmomin/Desktop/myContactListApp/app/build/intermediates/incremental/mergeDebugResources/merged.dir/values-km
2022-01-23T21:02:42.176-0500 [DEBUG] [org.gradle.internal.watch.vfs.impl.WatchingVirtualFileSystem] Handling VFS change MODIFIED /Users/adilmomin/Desktop/myContactListApp/app/build/intermediates/incremental/mergeDebugResources/merged.dir/values-v22
2022-01-23T21:02:42.190-0500 [DEBUG] [org.gradle.internal.watch.vfs.impl.WatchingVirtualFileSystem] Handling VFS change MODIFIED /Users/adilmomin/Desktop/myContactListApp/app/build/intermediates/incremental/mergeDebugResources/merged.dir/values-af
2022-01-23T21:02:42.510-0500 [DEBUG] [org.gradle.internal.watch.vfs.impl.WatchingVirtualFileSystem] Handling VFS change MODIFIED /Users/adilmomin/Desktop/myContactListApp/app/build/intermediates/incremental/mergeDebugResources/merged.dir/values-de
2022-01-23T21:02:42.536-0500 [DEBUG] [org.gradle.internal.watch.vfs.impl.WatchingVirtualFileSystem] Handling VFS change MODIFIED /Users/adilmomin/Desktop/myContactListApp/app/build/intermediates/incremental/mergeDebugResources/merged.dir/values
2022-01-23T21:02:42.796-0500 [DEBUG] [org.gradle.internal.watch.vfs.impl.WatchingVirtualFileSystem] Handling VFS change MODIFIED /Users/adilmomin/Desktop/myContactListApp/app/build/intermediates/incremental/mergeDebugResources/merged.dir/values-vi
2022-01-23T21:02:42.887-0500 [DEBUG] [org.gradle.internal.watch.vfs.impl.WatchingVirtualFileSystem] Handling VFS change MODIFIED /Users/adilmomin/Desktop/myContactListApp/app/build/intermediates/incremental/mergeDebugResources/merged.dir/values-sq
2022-01-23T21:02:43.029-0500 [DEBUG] [org.gradle.internal.watch.vfs.impl.WatchingVirtualFileSystem] Handling VFS change MODIFIED /Users/adilmomin/Desktop/myContactListApp/app/build/intermediates/incremental/mergeDebugResources/merged.dir/values-kk
2022-01-23T21:02:43.216-0500 [DEBUG] [org.gradle.internal.watch.vfs.impl.WatchingVirtualFileSystem] Handling VFS change MODIFIED /Users/adilmomin/Desktop/myContactListApp/app/build/intermediates/incremental/mergeDebugResources/merged.dir/values-w480dp-port-v13
2022-01-23T21:02:43.230-0500 [DEBUG] [org.gradle.internal.watch.vfs.impl.WatchingVirtualFileSystem] Handling VFS change MODIFIED /Users/adilmomin/Desktop/myContactListApp/app/build/intermediates/incremental/mergeDebugResources/merged.dir/values-sl
2022-01-23T21:02:43.338-0500 [DEBUG] [org.gradle.internal.watch.vfs.impl.WatchingVirtualFileSystem] Handling VFS change MODIFIED /Users/adilmomin/Desktop/myContactListApp/app/build/intermediates/incremental/mergeDebugResources/merged.dir/values-watch-v21
2022-01-23T21:02:43.383-0500 [DEBUG] [org.gradle.internal.watch.vfs.impl.WatchingVirtualFileSystem] Handling VFS change MODIFIED /Users/adilmomin/Desktop/myContactListApp/app/build/intermediates/incremental/mergeDebugResources/merged.dir/values-is
2022-01-23T21:02:43.436-0500 [DEBUG] [org.gradle.internal.watch.vfs.impl.WatchingVirtualFileSystem] Handling VFS change MODIFIED /Users/adilmomin/Desktop/myContactListApp/app/build/intermediates/incremental/mergeDebugResources/merged.dir/values-cs
2022-01-23T21:02:43.528-0500 [DEBUG] [org.gradle.internal.watch.vfs.impl.WatchingVirtualFileSystem] Handling VFS change MODIFIED /Users/adilmomin/Desktop/myContactListApp/app/build/intermediates/incremental/mergeDebugResources/merged.dir/values-tl
2022-01-23T21:02:43.590-0500 [DEBUG] [org.gradle.internal.watch.vfs.impl.WatchingVirtualFileSystem] Handling VFS change MODIFIED /Users/adilmomin/Desktop/myContactListApp/app/build/intermediates/incremental/mergeDebugResources/merged.dir/values-en-rIN
2022-01-23T21:02:44.312-0500 [DEBUG] [org.gradle.internal.watch.vfs.impl.WatchingVirtualFileSystem] Handling VFS change MODIFIED /Users/adilmomin/Desktop/myContactListApp/app/build/intermediates/incremental/mergeDebugResources/merged.dir/values-zh-rHK
2022-01-23T21:02:44.668-0500 [DEBUG] [org.gradle.internal.watch.vfs.impl.WatchingVirtualFileSystem] Handling VFS change MODIFIED /Users/adilmomin/Desktop/myContactListApp/app/build/intermediates/incremental/mergeDebugResources/merged.dir/values-zh-rCN
2022-01-23T21:02:44.881-0500 [DEBUG] [org.gradle.internal.watch.vfs.impl.WatchingVirtualFileSystem] Handling VFS change MODIFIED /Users/adilmomin/Desktop/myContactListApp/app/build/intermediates/incremental/mergeDebugResources/merged.dir/values-sw600dp-v13
2022-01-23T21:02:45.159-0500 [DEBUG] [org.gradle.internal.watch.vfs.impl.WatchingVirtualFileSystem] Handling VFS change MODIFIED /Users/adilmomin/Desktop/myContactListApp/app/build/intermediates/incremental/mergeDebugResources/merged.dir/values-land
2022-01-23T21:02:45.387-0500 [DEBUG] [org.gradle.internal.watch.vfs.impl.WatchingVirtualFileSystem] Handling VFS change MODIFIED /Users/adilmomin/Desktop/myContactListApp/app/build/intermediates/incremental/mergeDebugResources/merged.dir/values-fi
2022-01-23T21:02:45.565-0500 [DEBUG] [org.gradle.internal.watch.vfs.impl.WatchingVirtualFileSystem] Handling VFS change MODIFIED /Users/adilmomin/Desktop/myContactListApp/app/build/intermediates/incremental/mergeDebugResources/merged.dir/values-mn
2022-01-23T21:02:45.634-0500 [DEBUG] [org.gradle.internal.watch.vfs.impl.WatchingVirtualFileSystem] Handling VFS change MODIFIED /Users/adilmomin/Desktop/myContactListApp/app/build/generated/source/buildConfig/debug/com
2022-01-23T21:02:45.730-0500 [DEBUG] [org.gradle.internal.watch.vfs.impl.WatchingVirtualFileSystem] Handling VFS change MODIFIED /Users/adilmomin/Desktop/myContactListApp/app/build/intermediates/incremental/mergeDebugResources/merged.dir/values-hu
2022-01-23T21:02:45.785-0500 [DEBUG] [org.gradle.internal.watch.vfs.impl.WatchingVirtualFileSystem] Handling VFS change MODIFIED /Users/adilmomin/Desktop/myContactListApp/app/build/intermediates/incremental/mergeDebugResources/merged.dir/values-sv
2022-01-23T21:02:45.879-0500 [DEBUG] [org.gradle.internal.watch.vfs.impl.WatchingVirtualFileSystem] Handling VFS change MODIFIED /Users/adilmomin/Desktop/myContactListApp/app/build/intermediates/incremental/mergeDebugResources/merged.dir/values-in
2022-01-23T21:02:45.960-0500 [DEBUG] [org.gradle.internal.watch.vfs.impl.WatchingVirtualFileSystem] Handling VFS change MODIFIED /Users/adilmomin/Desktop/myContactListApp/app/build/intermediates/incremental/mergeDebugResources/merged.dir/values-gu
2022-01-23T21:02:46.041-0500 [DEBUG] [org.gradle.internal.watch.vfs.impl.WatchingVirtualFileSystem] Handling VFS change MODIFIED /Users/adilmomin/Desktop/myContactListApp/app/build/intermediates/incremental/mergeDebugResources/merged.dir/values-hi
2022-01-23T21:02:46.085-0500 [DEBUG] [org.gradle.internal.watch.vfs.impl.WatchingVirtualFileSystem] Handling VFS change MODIFIED /Users/adilmomin/Desktop/myContactListApp/app/build/intermediates/incremental/mergeDebugResources/merged.dir/values-el
2022-01-23T21:02:46.136-0500 [DEBUG] [org.gradle.internal.watch.vfs.impl.WatchingVirtualFileSystem] Handling VFS change MODIFIED /Users/adilmomin/Desktop/myContactListApp/app/build/intermediates/incremental/mergeDebugResources/merged.dir/values-nb
2022-01-23T21:02:46.216-0500 [DEBUG] [org.gradle.internal.watch.vfs.impl.WatchingVirtualFileSystem] Handling VFS change MODIFIED /Users/adilmomin/Desktop/myContactListApp/app/build/intermediates/incremental/mergeDebugResources/merged.dir/values-uz
2022-01-23T21:02:46.216-0500 [DEBUG] [org.gradle.internal.watch.vfs.impl.WatchingVirtualFileSystem] Handling VFS change MODIFIED /Users/adilmomin/Desktop/myContactListApp/app/build/intermediates/incremental/mergeDebugResources/merged.dir/values-large-v4
2022-01-23T21:02:46.234-0500 [DEBUG] [org.gradle.internal.watch.vfs.impl.WatchingVirtualFileSystem] Handling VFS change MODIFIED /Users/adilmomin/Desktop/myContactListApp/app/build/intermediates/incremental/mergeDebugResources/merged.dir/values-v18
2022-01-23T21:02:46.273-0500 [DEBUG] [org.gradle.internal.watch.vfs.impl.WatchingVirtualFileSystem] Handling VFS change MODIFIED /Users/adilmomin/Desktop/myContactListApp/app/build/intermediates/incremental/mergeDebugResources/merged.dir/values-pt-rBR
2022-01-23T21:02:46.273-0500 [DEBUG] [org.gradle.internal.watch.vfs.impl.WatchingVirtualFileSystem] Handling VFS change MODIFIED /Users/adilmomin/Desktop/myContactListApp/app/build/intermediates/incremental/mergeDebugResources/merged.dir/values-sw
2022-01-23T21:02:46.286-0500 [DEBUG] [org.gradle.internal.watch.vfs.impl.WatchingVirtualFileSystem] Handling VFS change MODIFIED /Users/adilmomin/Desktop/myContactListApp/app/build/intermediates/incremental/mergeDebugResources/merged.dir/values-v28
2022-01-23T21:02:46.978-0500 [DEBUG] [org.gradle.internal.watch.vfs.impl.WatchingVirtualFileSystem] Handling VFS change MODIFIED /Users/adilmomin/Desktop/myContactListApp/app/build/intermediates/incremental/mergeDebugResources/merged.dir/values-hr
2022-01-23T21:02:46.979-0500 [DEBUG] [org.gradle.internal.watch.vfs.impl.WatchingVirtualFileSystem] Handling VFS change MODIFIED /Users/adilmomin/Desktop/myContactListApp/app/build/intermediates/incremental/mergeDebugResources/merged.dir/values-port
2022-01-23T21:02:47.024-0500 [DEBUG] [org.gradle.internal.watch.vfs.impl.WatchingVirtualFileSystem] Handling VFS change MODIFIED /Users/adilmomin/Desktop/myContactListApp/app/build/intermediates/incremental/mergeDebugResources/merged.dir/values-tr
2022-01-23T21:02:47.072-0500 [DEBUG] [org.gradle.internal.watch.vfs.impl.WatchingVirtualFileSystem] Handling VFS change MODIFIED /Users/adilmomin/Desktop/myContactListApp/app/build/outputs
2022-01-23T21:02:47.072-0500 [DEBUG] [org.gradle.internal.watch.vfs.impl.WatchingVirtualFileSystem] Handling VFS change MODIFIED /Users/adilmomin/Desktop/myContactListApp/app/build/intermediates/manifest_merge_blame_file
2022-01-23T21:02:47.083-0500 [DEBUG] [org.gradle.internal.watch.vfs.impl.WatchingVirtualFileSystem] Handling VFS change MODIFIED /Users/adilmomin/Desktop/myContactListApp/app/build/intermediates/external_file_lib_dex_archives
2022-01-23T21:02:47.120-0500 [DEBUG] [org.gradle.internal.watch.vfs.impl.WatchingVirtualFileSystem] Handling VFS change MODIFIED /Users/adilmomin/Desktop/myContactListApp/app/build/intermediates/packaged_manifests
2022-01-23T21:02:47.121-0500 [DEBUG] [org.gradle.internal.watch.vfs.impl.WatchingVirtualFileSystem] Handling VFS change MODIFIED /Users/adilmomin/Desktop/myContactListApp/app/build/intermediates/validate_signing_config
2022-01-23T21:02:47.121-0500 [DEBUG] [org.gradle.internal.watch.vfs.impl.WatchingVirtualFileSystem] Handling VFS change MODIFIED /Users/adilmomin/Desktop/myContactListApp/app/build/intermediates/merged_java_res
2022-01-23T21:02:47.133-0500 [DEBUG] [org.gradle.internal.watch.vfs.impl.WatchingVirtualFileSystem] Handling VFS change MODIFIED /Users/adilmomin/Desktop/myContactListApp/app/build/intermediates/duplicate_classes_check
2022-01-23T21:02:47.171-0500 [DEBUG] [org.gradle.internal.watch.vfs.impl.WatchingVirtualFileSystem] Handling VFS change MODIFIED /Users/adilmomin/Desktop/myContactListApp/app/build/intermediates/navigation_json
2022-01-23T21:02:47.171-0500 [DEBUG] [org.gradle.internal.watch.vfs.impl.WatchingVirtualFileSystem] Handling VFS change MODIFIED /Users/adilmomin/Desktop/myContactListApp/app/build/intermediates/app_metadata
2022-01-23T21:02:47.171-0500 [DEBUG] [org.gradle.internal.watch.vfs.impl.WatchingVirtualFileSystem] Handling VFS change MODIFIED /Users/adilmomin/Desktop/myContactListApp/app/build/intermediates/merged_manifests
2022-01-23T21:02:47.184-0500 [DEBUG] [org.gradle.internal.watch.vfs.impl.WatchingVirtualFileSystem] Handling VFS change MODIFIED /Users/adilmomin/Desktop/myContactListApp/app/build/intermediates/merged_manifest
2022-01-23T21:02:47.222-0500 [DEBUG] [org.gradle.internal.watch.vfs.impl.WatchingVirtualFileSystem] Handling VFS change MODIFIED /Users/adilmomin/Desktop/myContactListApp/app/build/intermediates/compatible_screen_manifest
2022-01-23T21:02:47.234-0500 [DEBUG] [org.gradle.internal.watch.vfs.impl.WatchingVirtualFileSystem] Handling VFS change MODIFIED /Users/adilmomin/Desktop/myContactListApp/app/build/intermediates/signing_config_versions
2022-01-23T21:02:47.275-0500 [DEBUG] [org.gradle.internal.watch.vfs.impl.WatchingVirtualFileSystem] Handling VFS change MODIFIED /Users/adilmomin/Desktop/myContactListApp/app/build/intermediates/compressed_assets/debug
2022-01-23T21:02:47.372-0500 [DEBUG] [org.gradle.internal.watch.vfs.impl.WatchingVirtualFileSystem] Handling VFS change MODIFIED /Users/adilmomin/Desktop/myContactListApp/app/build/intermediates/incremental/debug-mergeJavaRes
2022-01-23T21:02:47.373-0500 [DEBUG] [org.gradle.internal.watch.vfs.impl.WatchingVirtualFileSystem] Handling VFS change MODIFIED /Users/adilmomin/Desktop/myContactListApp/app/build/intermediates/merged_shaders/debug
2022-01-23T21:02:47.390-0500 [DEBUG] [org.gradle.internal.watch.vfs.impl.WatchingVirtualFileSystem] Handling VFS change MODIFIED /Users/adilmomin/Desktop/myContactListApp/app/build/intermediates/merged_assets/debug
2022-01-23T21:02:47.431-0500 [DEBUG] [org.gradle.internal.watch.vfs.impl.WatchingVirtualFileSystem] Handling VFS change MODIFIED /Users/adilmomin/Desktop/myContactListApp/app/build/intermediates/dex/debug
2022-01-23T21:02:47.431-0500 [DEBUG] [org.gradle.internal.watch.vfs.impl.WatchingVirtualFileSystem] Handling VFS change MODIFIED /Users/adilmomin/Desktop/myContactListApp/app/build/intermediates/merged_jni_libs/debug
2022-01-23T21:02:47.738-0500 [DEBUG] [org.gradle.internal.watch.vfs.impl.WatchingVirtualFileSystem] Handling VFS change MODIFIED /Users/adilmomin/Desktop/myContactListApp/app/build/intermediates/merged_res_blame_folder/debug/out
2022-01-23T21:02:47.777-0500 [DEBUG] [org.gradle.internal.watch.vfs.impl.WatchingVirtualFileSystem] Handling VFS change MODIFIED /Users/adilmomin/Desktop/myContactListApp/caches/modules-2/files-2.1/com.android.tools.build/aapt2/7.0.4-7396180
2022-01-23T21:02:47.777-0500 [DEBUG] [org.gradle.internal.watch.vfs.impl.WatchingVirtualFileSystem] Handling VFS change MODIFIED /Users/adilmomin/Desktop/myContactListApp/app/build/intermediates/incremental/mergeDebugResources/merged.dir
2022-01-23T21:02:51.608-0500 [DEBUG] [org.gradle.cache.internal.DefaultFileLockManager] Waiting to acquire shared lock on daemon addresses registry.
2022-01-23T21:02:51.608-0500 [DEBUG] [org.gradle.cache.internal.DefaultFileLockManager] Lock acquired on daemon addresses registry.
2022-01-23T21:02:51.608-0500 [DEBUG] [org.gradle.cache.internal.DefaultFileLockManager] Releasing lock on daemon addresses registry.
2022-01-23T21:02:51.609-0500 [DEBUG] [org.gradle.cache.internal.DefaultFileLockManager] Waiting to acquire shared lock on daemon addresses registry.
2022-01-23T21:02:51.609-0500 [DEBUG] [org.gradle.cache.internal.DefaultFileLockManager] Lock acquired on daemon addresses registry.
2022-01-23T21:02:51.609-0500 [DEBUG] [org.gradle.cache.internal.DefaultFileLockManager] Releasing lock on daemon addresses registry.
2022-01-23T21:02:51.609-0500 [DEBUG] [org.gradle.cache.internal.DefaultFileLockManager] Waiting to acquire shared lock on daemon addresses registry.
2022-01-23T21:02:51.610-0500 [DEBUG] [org.gradle.cache.internal.DefaultFileLockManager] Lock acquired on daemon addresses registry.
2022-01-23T21:02:51.610-0500 [DEBUG] [org.gradle.cache.internal.DefaultFileLockManager] Releasing lock on daemon addresses registry.
2022-01-23T21:03:01.609-0500 [DEBUG] [org.gradle.cache.internal.DefaultFileLockManager] Waiting to acquire shared lock on daemon addresses registry.
2022-01-23T21:03:01.609-0500 [DEBUG] [org.gradle.cache.internal.DefaultFileLockManager] Lock acquired on daemon addresses registry.
2022-01-23T21:03:01.610-0500 [DEBUG] [org.gradle.cache.internal.DefaultFileLockManager] Releasing lock on daemon addresses registry.
2022-01-23T21:03:01.610-0500 [DEBUG] [org.gradle.cache.internal.DefaultFileLockManager] Waiting to acquire shared lock on daemon addresses registry.
2022-01-23T21:03:01.610-0500 [DEBUG] [org.gradle.cache.internal.DefaultFileLockManager] Lock acquired on daemon addresses registry.
2022-01-23T21:03:01.610-0500 [DEBUG] [org.gradle.cache.internal.DefaultFileLockManager] Releasing lock on daemon addresses registry.
2022-01-23T21:03:01.611-0500 [DEBUG] [org.gradle.cache.internal.DefaultFileLockManager] Waiting to acquire shared lock on daemon addresses registry.
2022-01-23T21:03:01.611-0500 [DEBUG] [org.gradle.cache.internal.DefaultFileLockManager] Lock acquired on daemon addresses registry.
2022-01-23T21:03:01.611-0500 [DEBUG] [org.gradle.cache.internal.DefaultFileLockManager] Releasing lock on daemon addresses registry.
2022-01-23T21:03:05.103-0500 [DEBUG] [org.gradle.internal.watch.vfs.impl.WatchingVirtualFileSystem] Handling VFS change MODIFIED /Users/adilmomin/Desktop/myContactListApp/caches/7.0.2
2022-01-23T21:03:05.120-0500 [DEBUG] [org.gradle.internal.watch.vfs.impl.WatchingVirtualFileSystem] Handling VFS change MODIFIED /Users/adilmomin/Desktop/myContactListApp/caches/transforms-3
2022-01-23T21:03:05.120-0500 [DEBUG] [org.gradle.internal.watch.vfs.impl.WatchingVirtualFileSystem] Handling VFS change MODIFIED /Users/adilmomin/Desktop/myContactListApp/app/build/intermediates
2022-01-23T21:03:05.120-0500 [DEBUG] [org.gradle.internal.watch.vfs.impl.WatchingVirtualFileSystem] Handling VFS change MODIFIED /Users/adilmomin/Desktop/myContactListApp/app/build/generated
2022-01-23T21:03:11.608-0500 [DEBUG] [org.gradle.cache.internal.DefaultFileLockManager] Waiting to acquire shared lock on daemon addresses registry.
2022-01-23T21:03:11.609-0500 [DEBUG] [org.gradle.cache.internal.DefaultFileLockManager] Lock acquired on daemon addresses registry.
2022-01-23T21:03:11.609-0500 [DEBUG] [org.gradle.cache.internal.DefaultFileLockManager] Releasing lock on daemon addresses registry.
2022-01-23T21:03:11.610-0500 [DEBUG] [org.gradle.cache.internal.DefaultFileLockManager] Waiting to acquire shared lock on daemon addresses registry.
2022-01-23T21:03:11.611-0500 [DEBUG] [org.gradle.cache.internal.DefaultFileLockManager] Lock acquired on daemon addresses registry.
2022-01-23T21:03:11.611-0500 [DEBUG] [org.gradle.cache.internal.DefaultFileLockManager] Releasing lock on daemon addresses registry.
2022-01-23T21:03:11.611-0500 [DEBUG] [org.gradle.cache.internal.DefaultFileLockManager] Waiting to acquire shared lock on daemon addresses registry.
2022-01-23T21:03:11.612-0500 [DEBUG] [org.gradle.cache.internal.DefaultFileLockManager] Lock acquired on daemon addresses registry.
2022-01-23T21:03:11.612-0500 [DEBUG] [org.gradle.cache.internal.DefaultFileLockManager] Releasing lock on daemon addresses registry.
2022-01-23T21:03:12.453-0500 [DEBUG] [org.gradle.internal.remote.internal.inet.TcpIncomingConnector] Accepted connection from /127.0.0.1:63832 to /127.0.0.1:63161.
2022-01-23T21:03:12.459-0500 [DEBUG] [org.gradle.launcher.daemon.server.SynchronizedDispatchConnection] thread 132: received class org.gradle.launcher.daemon.protocol.StopWhenIdle
2022-01-23T21:03:12.460-0500 [DEBUG] [org.gradle.launcher.daemon.server.DefaultDaemonConnection] thread 132: Received non-IO message from client: StopWhenIdle[id=128c3186-9201-4b79-a622-ad9b47ef65f4]
2022-01-23T21:03:12.460-0500 [INFO] [org.gradle.launcher.daemon.server.DefaultIncomingConnectionHandler] Received command: StopWhenIdle[id=128c3186-9201-4b79-a622-ad9b47ef65f4].
2022-01-23T21:03:12.461-0500 [DEBUG] [org.gradle.launcher.daemon.server.DefaultIncomingConnectionHandler] Starting executing command: StopWhenIdle[id=128c3186-9201-4b79-a622-ad9b47ef65f4] with connection: socket connection from /127.0.0.1:63161 to /127.0.0.1:63832.
2022-01-23T21:03:12.461-0500 [DEBUG] [org.gradle.launcher.daemon.server.DaemonRegistryUpdater] Storing daemon stop event: stop command received
2022-01-23T21:03:12.461-0500 [DEBUG] [org.gradle.launcher.daemon.registry.PersistentDaemonRegistry] Storing daemon stop event with timestamp 1642989792461
2022-01-23T21:03:12.462-0500 [DEBUG] [org.gradle.cache.internal.DefaultFileLockManager] Waiting to acquire exclusive lock on daemon addresses registry.
2022-01-23T21:03:12.463-0500 [DEBUG] [org.gradle.cache.internal.DefaultFileLockManager] Lock acquired on daemon addresses registry.
2022-01-23T21:03:12.464-0500 [DEBUG] [org.gradle.cache.internal.DefaultFileLockManager] Releasing lock on daemon addresses registry.
2022-01-23T21:03:12.464-0500 [LIFECYCLE] [org.gradle.launcher.daemon.server.DaemonStateCoordinator] Daemon will be stopped at the end of the build stop command received
2022-01-23T21:03:12.464-0500 [DEBUG] [org.gradle.launcher.daemon.server.DaemonStateCoordinator] Marking daemon stopped due to stop command received. The daemon is running a build: false
2022-01-23T21:03:12.465-0500 [DEBUG] [org.gradle.launcher.daemon.server.DaemonStateCoordinator] daemon has stopped.
2022-01-23T21:03:12.465-0500 [DEBUG] [org.gradle.launcher.daemon.server.SynchronizedDispatchConnection] thread 18: dispatching Success[value=null]
2022-01-23T21:03:12.465-0500 [DEBUG] [org.gradle.launcher.daemon.server.Daemon] stop() called on daemon
2022-01-23T21:03:12.465-0500 [DEBUG] [org.gradle.launcher.daemon.server.DefaultIncomingConnectionHandler] Finishing executing command: StopWhenIdle[id=128c3186-9201-4b79-a622-ad9b47ef65f4]
2022-01-23T21:03:12.465-0500 [INFO] [org.gradle.launcher.daemon.server.Daemon] Stop requested. Daemon is removing its presence from the registry...
2022-01-23T21:03:12.465-0500 [DEBUG] [org.gradle.launcher.daemon.server.DaemonRegistryUpdater] Removing our presence to clients, eg. removing this address from the registry: [94fca06e-d4dd-40ae-8971-8d07d040700e port:63161, addresses:[localhost/127.0.0.1]]
2022-01-23T21:03:12.465-0500 [DEBUG] [org.gradle.launcher.daemon.server.SynchronizedDispatchConnection] thread 132: received class org.gradle.launcher.daemon.protocol.Finished
2022-01-23T21:03:12.466-0500 [DEBUG] [org.gradle.launcher.daemon.registry.PersistentDaemonRegistry] Removing daemon address: [94fca06e-d4dd-40ae-8971-8d07d040700e port:63161, addresses:[localhost/127.0.0.1]]
2022-01-23T21:03:12.466-0500 [DEBUG] [org.gradle.launcher.daemon.server.DefaultDaemonConnection] thread 132: Received non-IO message from client: org.gradle.launcher.daemon.protocol.Finished@63966aaa
2022-01-23T21:03:12.466-0500 [DEBUG] [org.gradle.launcher.daemon.server.DefaultIncomingConnectionHandler] Received finished message: org.gradle.launcher.daemon.protocol.Finished@63966aaa
2022-01-23T21:03:12.466-0500 [DEBUG] [org.gradle.internal.remote.internal.inet.SocketConnection] Discarding EOFException: java.io.EOFException
2022-01-23T21:03:12.466-0500 [DEBUG] [org.gradle.launcher.daemon.server.SynchronizedDispatchConnection] thread 18: stopping connection
2022-01-23T21:03:12.466-0500 [DEBUG] [org.gradle.launcher.daemon.server.SynchronizedDispatchConnection] thread 132: received null
2022-01-23T21:03:12.467-0500 [DEBUG] [org.gradle.launcher.daemon.server.DefaultDaemonConnection] thread 132: Received end-of-input from client.
2022-01-23T21:03:12.467-0500 [DEBUG] [org.gradle.cache.internal.DefaultFileLockManager] Waiting to acquire exclusive lock on daemon addresses registry.
2022-01-23T21:03:12.468-0500 [DEBUG] [org.gradle.cache.internal.DefaultFileLockManager] Lock acquired on daemon addresses registry.
2022-01-23T21:03:12.468-0500 [DEBUG] [org.gradle.launcher.daemon.server.SynchronizedDispatchConnection] thread 18: stopping connection
2022-01-23T21:03:12.469-0500 [DEBUG] [org.gradle.cache.internal.DefaultFileLockManager] Releasing lock on daemon addresses registry.
2022-01-23T21:03:12.471-0500 [DEBUG] [org.gradle.launcher.daemon.server.DaemonRegistryUpdater] Address removed from registry.
2022-01-23T21:03:12.475-0500 [DEBUG] [org.gradle.cache.internal.LockOnDemandCrossProcessCacheAccess] Releasing file lock for jars (/Users/adilmomin/Desktop/myContactListApp/caches/jars-8)
2022-01-23T21:03:12.476-0500 [DEBUG] [org.gradle.cache.internal.DefaultFileLockManager] Releasing lock on jars (/Users/adilmomin/Desktop/myContactListApp/caches/jars-8).
2022-01-23T21:03:12.476-0500 [DEBUG] [org.gradle.cache.internal.DefaultPersistentDirectoryStore] jars (/Users/adilmomin/Desktop/myContactListApp/caches/jars-8) has last been fully cleaned up 19 hours ago
2022-01-23T21:03:12.480-0500 [DEBUG] [org.gradle.cache.internal.LockOnDemandCrossProcessCacheAccess] Releasing file lock for file content cache (/Users/adilmomin/Desktop/myContactListApp/caches/7.0.2/fileContent)
2022-01-23T21:03:12.480-0500 [DEBUG] [org.gradle.cache.internal.DefaultFileLockManager] Releasing lock on file content cache (/Users/adilmomin/Desktop/myContactListApp/caches/7.0.2/fileContent).
2022-01-23T21:03:12.481-0500 [DEBUG] [org.gradle.cache.internal.LockOnDemandCrossProcessCacheAccess] Releasing file lock for Java compile cache (/Users/adilmomin/Desktop/myContactListApp/caches/7.0.2/javaCompile)
2022-01-23T21:03:12.481-0500 [DEBUG] [org.gradle.cache.internal.btree.BTreePersistentIndexedCache] Closing cache jarAnalysis.bin (/Users/adilmomin/Desktop/myContactListApp/caches/7.0.2/javaCompile/jarAnalysis.bin)
2022-01-23T21:03:12.482-0500 [DEBUG] [org.gradle.cache.internal.DefaultFileLockManager] Releasing lock on Java compile cache (/Users/adilmomin/Desktop/myContactListApp/caches/7.0.2/javaCompile).
2022-01-23T21:03:12.484-0500 [DEBUG] [org.gradle.internal.watch.registry.impl.DefaultFileWatcherRegistry] Finished listening to file system change events
2022-01-23T21:03:12.484-0500 [DEBUG] [org.gradle.cache.internal.LockOnDemandCrossProcessCacheAccess] Releasing file lock for Artifact transforms cache (/Users/adilmomin/Desktop/myContactListApp/caches/transforms-3)
2022-01-23T21:03:12.485-0500 [DEBUG] [org.gradle.cache.internal.DefaultFileLockManager] Releasing lock on Artifact transforms cache (/Users/adilmomin/Desktop/myContactListApp/caches/transforms-3).
2022-01-23T21:03:12.485-0500 [DEBUG] [org.gradle.cache.internal.DefaultPersistentDirectoryStore] Artifact transforms cache (/Users/adilmomin/Desktop/myContactListApp/caches/transforms-3) has last been fully cleaned up 19 hours ago
2022-01-23T21:03:12.486-0500 [DEBUG] [org.gradle.cache.internal.LockOnDemandCrossProcessCacheAccess] Releasing file lock for artifact cache (/Users/adilmomin/Desktop/myContactListApp/caches/modules-2)
2022-01-23T21:03:12.486-0500 [DEBUG] [org.gradle.cache.internal.btree.BTreePersistentIndexedCache] Closing cache module-metadata.bin (/Users/adilmomin/Desktop/myContactListApp/caches/modules-2/metadata-2.97/module-metadata.bin)
2022-01-23T21:03:12.486-0500 [DEBUG] [org.gradle.cache.internal.btree.BTreePersistentIndexedCache] Closing cache module-artifact.bin (/Users/adilmomin/Desktop/myContactListApp/caches/modules-2/metadata-2.97/module-artifact.bin)
2022-01-23T21:03:12.486-0500 [DEBUG] [org.gradle.cache.internal.btree.BTreePersistentIndexedCache] Closing cache module-artifacts.bin (/Users/adilmomin/Desktop/myContactListApp/caches/modules-2/metadata-2.97/module-artifacts.bin)
2022-01-23T21:03:12.487-0500 [DEBUG] [org.gradle.cache.internal.btree.BTreePersistentIndexedCache] Closing cache resource-at-url.bin (/Users/adilmomin/Desktop/myContactListApp/caches/modules-2/metadata-2.97/resource-at-url.bin)
2022-01-23T21:03:12.487-0500 [DEBUG] [org.gradle.cache.internal.DefaultFileLockManager] Releasing lock on artifact cache (/Users/adilmomin/Desktop/myContactListApp/caches/modules-2).
2022-01-23T21:03:12.488-0500 [DEBUG] [org.gradle.cache.internal.DefaultPersistentDirectoryStore] artifact cache (/Users/adilmomin/Desktop/myContactListApp/caches/modules-2) has last been fully cleaned up 19 hours ago
2022-01-23T21:03:12.488-0500 [DEBUG] [org.gradle.cache.internal.DefaultCacheAccess] Cache Generated Gradle JARs cache (/Users/adilmomin/Desktop/myContactListApp/caches/7.0.2/generated-gradle-jars) was closed 0 times.
2022-01-23T21:03:12.488-0500 [DEBUG] [org.gradle.cache.internal.LockOnDemandCrossProcessCacheAccess] Releasing file lock for journal cache (/Users/adilmomin/Desktop/myContactListApp/caches/journal-1)
2022-01-23T21:03:12.488-0500 [DEBUG] [org.gradle.cache.internal.btree.BTreePersistentIndexedCache] Closing cache file-access.bin (/Users/adilmomin/Desktop/myContactListApp/caches/journal-1/file-access.bin)
2022-01-23T21:03:12.489-0500 [DEBUG] [org.gradle.cache.internal.DefaultFileLockManager] Releasing lock on journal cache (/Users/adilmomin/Desktop/myContactListApp/caches/journal-1).
2022-01-23T21:03:12.490-0500 [DEBUG] [org.gradle.cache.internal.LockOnDemandCrossProcessCacheAccess] Releasing file lock for file hash cache (/Users/adilmomin/Desktop/myContactListApp/caches/7.0.2/fileHashes)
2022-01-23T21:03:12.490-0500 [DEBUG] [org.gradle.cache.internal.btree.BTreePersistentIndexedCache] Closing cache fileHashes.bin (/Users/adilmomin/Desktop/myContactListApp/caches/7.0.2/fileHashes/fileHashes.bin)
2022-01-23T21:03:12.490-0500 [DEBUG] [org.gradle.cache.internal.btree.BTreePersistentIndexedCache] Closing cache resourceHashesCache.bin (/Users/adilmomin/Desktop/myContactListApp/caches/7.0.2/fileHashes/resourceHashesCache.bin)
2022-01-23T21:03:12.490-0500 [DEBUG] [org.gradle.cache.internal.DefaultFileLockManager] Releasing lock on file hash cache (/Users/adilmomin/Desktop/myContactListApp/caches/7.0.2/fileHashes).
2022-01-23T21:03:12.491-0500 [DEBUG] [org.gradle.cache.internal.LockOnDemandCrossProcessCacheAccess] Releasing file lock for execution history cache (/Users/adilmomin/Desktop/myContactListApp/caches/7.0.2/executionHistory)
2022-01-23T21:03:12.491-0500 [DEBUG] [org.gradle.cache.internal.btree.BTreePersistentIndexedCache] Closing cache executionHistory.bin (/Users/adilmomin/Desktop/myContactListApp/caches/7.0.2/executionHistory/executionHistory.bin)
2022-01-23T21:03:12.492-0500 [DEBUG] [org.gradle.cache.internal.DefaultFileLockManager] Releasing lock on execution history cache (/Users/adilmomin/Desktop/myContactListApp/caches/7.0.2/executionHistory).
Daemon vm is shutting down... The daemon has exited normally or was terminated in response to a user interrupt.
2022-01-23T21:03:12.494-0500 [DEBUG] [org.gradle.launcher.daemon.registry.PersistentDaemonRegistry] Removing daemon address: [94fca06e-d4dd-40ae-8971-8d07d040700e port:63161, addresses:[localhost/127.0.0.1]]
2022-01-23T21:03:12.495-0500 [DEBUG] [org.gradle.cache.internal.DefaultFileLockManager] Waiting to acquire exclusive lock on daemon addresses registry.
2022-01-23T21:03:12.495-0500 [DEBUG] [org.gradle.cache.internal.DefaultFileLockManager] Lock acquired on daemon addresses registry.
2022-01-23T21:03:12.496-0500 [DEBUG] [org.gradle.cache.internal.DefaultFileLockManager] Releasing lock on daemon addresses registry.
